{"C:\\mouli\\vscodeExtensions\\moulin-dev-console-log\\out\\src\\activate.js":{"path":"C:\\mouli\\vscodeExtensions\\moulin-dev-console-log\\out\\src\\activate.js","statementMap":{"0":{"start":{"line":2,"column":22},"end":{"line":12,"column":3}},"1":{"start":{"line":3,"column":4},"end":{"line":3,"column":33}},"2":{"start":{"line":3,"column":26},"end":{"line":3,"column":33}},"3":{"start":{"line":4,"column":15},"end":{"line":4,"column":52}},"4":{"start":{"line":5,"column":4},"end":{"line":7,"column":5}},"5":{"start":{"line":6,"column":6},"end":{"line":6,"column":68}},"6":{"start":{"line":6,"column":51},"end":{"line":6,"column":63}},"7":{"start":{"line":8,"column":4},"end":{"line":8,"column":39}},"8":{"start":{"line":10,"column":4},"end":{"line":10,"column":33}},"9":{"start":{"line":10,"column":26},"end":{"line":10,"column":33}},"10":{"start":{"line":11,"column":4},"end":{"line":11,"column":17}},"11":{"start":{"line":13,"column":25},"end":{"line":17,"column":2}},"12":{"start":{"line":14,"column":4},"end":{"line":14,"column":72}},"13":{"start":{"line":16,"column":4},"end":{"line":16,"column":21}},"14":{"start":{"line":18,"column":19},"end":{"line":34,"column":4}},"15":{"start":{"line":19,"column":18},"end":{"line":26,"column":5}},"16":{"start":{"line":20,"column":8},"end":{"line":24,"column":10}},"17":{"start":{"line":21,"column":21},"end":{"line":21,"column":23}},"18":{"start":{"line":22,"column":12},"end":{"line":22,"column":95}},"19":{"start":{"line":22,"column":29},"end":{"line":22,"column":95}},"20":{"start":{"line":22,"column":77},"end":{"line":22,"column":95}},"21":{"start":{"line":23,"column":12},"end":{"line":23,"column":22}},"22":{"start":{"line":25,"column":8},"end":{"line":25,"column":26}},"23":{"start":{"line":27,"column":4},"end":{"line":33,"column":6}},"24":{"start":{"line":28,"column":8},"end":{"line":28,"column":46}},"25":{"start":{"line":28,"column":35},"end":{"line":28,"column":46}},"26":{"start":{"line":29,"column":21},"end":{"line":29,"column":23}},"27":{"start":{"line":30,"column":8},"end":{"line":30,"column":137}},"28":{"start":{"line":30,"column":25},"end":{"line":30,"column":137}},"29":{"start":{"line":30,"column":38},"end":{"line":30,"column":50}},"30":{"start":{"line":30,"column":56},"end":{"line":30,"column":57}},"31":{"start":{"line":30,"column":78},"end":{"line":30,"column":137}},"32":{"start":{"line":30,"column":102},"end":{"line":30,"column":137}},"33":{"start":{"line":31,"column":8},"end":{"line":31,"column":40}},"34":{"start":{"line":32,"column":8},"end":{"line":32,"column":22}},"35":{"start":{"line":35,"column":0},"end":{"line":35,"column":62}},"36":{"start":{"line":36,"column":0},"end":{"line":36,"column":28}},"37":{"start":{"line":37,"column":0},"end":{"line":37,"column":32}},"38":{"start":{"line":38,"column":15},"end":{"line":38,"column":46}},"39":{"start":{"line":39,"column":19},"end":{"line":39,"column":40}},"40":{"start":{"line":40,"column":17},"end":{"line":40,"column":36}},"41":{"start":{"line":41,"column":25},"end":{"line":41,"column":52}},"42":{"start":{"line":43,"column":4},"end":{"line":43,"column":35}},"43":{"start":{"line":44,"column":4},"end":{"line":44,"column":93}},"44":{"start":{"line":46,"column":4},"end":{"line":46,"column":96}},"45":{"start":{"line":48,"column":26},"end":{"line":48,"column":97}},"46":{"start":{"line":49,"column":4},"end":{"line":49,"column":65}},"47":{"start":{"line":50,"column":4},"end":{"line":50,"column":62}},"48":{"start":{"line":51,"column":4},"end":{"line":51,"column":40}},"49":{"start":{"line":52,"column":4},"end":{"line":52,"column":25}},"50":{"start":{"line":54,"column":36},"end":{"line":59,"column":6}},"51":{"start":{"line":55,"column":29},"end":{"line":55,"column":99}},"52":{"start":{"line":56,"column":8},"end":{"line":56,"column":109}},"53":{"start":{"line":57,"column":8},"end":{"line":57,"column":73}},"54":{"start":{"line":58,"column":8},"end":{"line":58,"column":100}},"55":{"start":{"line":60,"column":32},"end":{"line":60,"column":126}},"56":{"start":{"line":61,"column":39},"end":{"line":61,"column":147}},"57":{"start":{"line":62,"column":32},"end":{"line":62,"column":126}},"58":{"start":{"line":63,"column":39},"end":{"line":63,"column":147}},"59":{"start":{"line":64,"column":41},"end":{"line":64,"column":172}},"60":{"start":{"line":64,"column":122},"end":{"line":64,"column":171}},"61":{"start":{"line":65,"column":4},"end":{"line":65,"column":199}}},"fnMap":{"0":{"name":"(anonymous_0)","decl":{"start":{"line":2,"column":74},"end":{"line":2,"column":75}},"loc":{"start":{"line":2,"column":96},"end":{"line":9,"column":1}},"line":2},"1":{"name":"(anonymous_1)","decl":{"start":{"line":6,"column":38},"end":{"line":6,"column":39}},"loc":{"start":{"line":6,"column":49},"end":{"line":6,"column":65}},"line":6},"2":{"name":"(anonymous_2)","decl":{"start":{"line":9,"column":6},"end":{"line":9,"column":7}},"loc":{"start":{"line":9,"column":28},"end":{"line":12,"column":1}},"line":9},"3":{"name":"(anonymous_3)","decl":{"start":{"line":13,"column":80},"end":{"line":13,"column":81}},"loc":{"start":{"line":13,"column":95},"end":{"line":15,"column":1}},"line":13},"4":{"name":"(anonymous_4)","decl":{"start":{"line":15,"column":5},"end":{"line":15,"column":6}},"loc":{"start":{"line":15,"column":20},"end":{"line":17,"column":1}},"line":15},"5":{"name":"(anonymous_5)","decl":{"start":{"line":18,"column":51},"end":{"line":18,"column":52}},"loc":{"start":{"line":18,"column":63},"end":{"line":34,"column":1}},"line":18},"6":{"name":"(anonymous_6)","decl":{"start":{"line":19,"column":18},"end":{"line":19,"column":19}},"loc":{"start":{"line":19,"column":30},"end":{"line":26,"column":5}},"line":19},"7":{"name":"(anonymous_7)","decl":{"start":{"line":20,"column":48},"end":{"line":20,"column":49}},"loc":{"start":{"line":20,"column":61},"end":{"line":24,"column":9}},"line":20},"8":{"name":"(anonymous_8)","decl":{"start":{"line":27,"column":11},"end":{"line":27,"column":12}},"loc":{"start":{"line":27,"column":26},"end":{"line":33,"column":5}},"line":27},"9":{"name":"activate","decl":{"start":{"line":42,"column":9},"end":{"line":42,"column":17}},"loc":{"start":{"line":42,"column":27},"end":{"line":66,"column":1}},"line":42},"10":{"name":"(anonymous_10)","decl":{"start":{"line":54,"column":106},"end":{"line":54,"column":107}},"loc":{"start":{"line":54,"column":112},"end":{"line":59,"column":5}},"line":54},"11":{"name":"(anonymous_11)","decl":{"start":{"line":64,"column":116},"end":{"line":64,"column":117}},"loc":{"start":{"line":64,"column":122},"end":{"line":64,"column":171}},"line":64},"12":{"name":"deactivate","decl":{"start":{"line":67,"column":9},"end":{"line":67,"column":19}},"loc":{"start":{"line":67,"column":22},"end":{"line":69,"column":1}},"line":67}},"branchMap":{"0":{"loc":{"start":{"line":2,"column":22},"end":{"line":12,"column":3}},"type":"binary-expr","locations":[{"start":{"line":2,"column":23},"end":{"line":2,"column":27}},{"start":{"line":2,"column":31},"end":{"line":2,"column":51}},{"start":{"line":2,"column":57},"end":{"line":12,"column":2}}],"line":2},"1":{"loc":{"start":{"line":2,"column":57},"end":{"line":12,"column":2}},"type":"cond-expr","locations":[{"start":{"line":2,"column":74},"end":{"line":9,"column":1}},{"start":{"line":9,"column":6},"end":{"line":12,"column":1}}],"line":2},"2":{"loc":{"start":{"line":3,"column":4},"end":{"line":3,"column":33}},"type":"if","locations":[{"start":{"line":3,"column":4},"end":{"line":3,"column":33}},{"start":{},"end":{}}],"line":3},"3":{"loc":{"start":{"line":5,"column":4},"end":{"line":7,"column":5}},"type":"if","locations":[{"start":{"line":5,"column":4},"end":{"line":7,"column":5}},{"start":{},"end":{}}],"line":5},"4":{"loc":{"start":{"line":5,"column":8},"end":{"line":5,"column":85}},"type":"binary-expr","locations":[{"start":{"line":5,"column":8},"end":{"line":5,"column":13}},{"start":{"line":5,"column":18},"end":{"line":5,"column":84}}],"line":5},"5":{"loc":{"start":{"line":5,"column":18},"end":{"line":5,"column":84}},"type":"cond-expr","locations":[{"start":{"line":5,"column":34},"end":{"line":5,"column":47}},{"start":{"line":5,"column":50},"end":{"line":5,"column":84}}],"line":5},"6":{"loc":{"start":{"line":5,"column":50},"end":{"line":5,"column":84}},"type":"binary-expr","locations":[{"start":{"line":5,"column":50},"end":{"line":5,"column":63}},{"start":{"line":5,"column":67},"end":{"line":5,"column":84}}],"line":5},"7":{"loc":{"start":{"line":10,"column":4},"end":{"line":10,"column":33}},"type":"if","locations":[{"start":{"line":10,"column":4},"end":{"line":10,"column":33}},{"start":{},"end":{}}],"line":10},"8":{"loc":{"start":{"line":13,"column":25},"end":{"line":17,"column":2}},"type":"binary-expr","locations":[{"start":{"line":13,"column":26},"end":{"line":13,"column":30}},{"start":{"line":13,"column":34},"end":{"line":13,"column":57}},{"start":{"line":13,"column":63},"end":{"line":17,"column":1}}],"line":13},"9":{"loc":{"start":{"line":13,"column":63},"end":{"line":17,"column":1}},"type":"cond-expr","locations":[{"start":{"line":13,"column":80},"end":{"line":15,"column":1}},{"start":{"line":15,"column":5},"end":{"line":17,"column":1}}],"line":13},"10":{"loc":{"start":{"line":18,"column":19},"end":{"line":34,"column":4}},"type":"binary-expr","locations":[{"start":{"line":18,"column":20},"end":{"line":18,"column":24}},{"start":{"line":18,"column":28},"end":{"line":18,"column":45}},{"start":{"line":18,"column":50},"end":{"line":34,"column":4}}],"line":18},"11":{"loc":{"start":{"line":20,"column":18},"end":{"line":24,"column":9}},"type":"binary-expr","locations":[{"start":{"line":20,"column":18},"end":{"line":20,"column":44}},{"start":{"line":20,"column":48},"end":{"line":24,"column":9}}],"line":20},"12":{"loc":{"start":{"line":22,"column":29},"end":{"line":22,"column":95}},"type":"if","locations":[{"start":{"line":22,"column":29},"end":{"line":22,"column":95}},{"start":{},"end":{}}],"line":22},"13":{"loc":{"start":{"line":28,"column":8},"end":{"line":28,"column":46}},"type":"if","locations":[{"start":{"line":28,"column":8},"end":{"line":28,"column":46}},{"start":{},"end":{}}],"line":28},"14":{"loc":{"start":{"line":28,"column":12},"end":{"line":28,"column":33}},"type":"binary-expr","locations":[{"start":{"line":28,"column":12},"end":{"line":28,"column":15}},{"start":{"line":28,"column":19},"end":{"line":28,"column":33}}],"line":28},"15":{"loc":{"start":{"line":30,"column":8},"end":{"line":30,"column":137}},"type":"if","locations":[{"start":{"line":30,"column":8},"end":{"line":30,"column":137}},{"start":{},"end":{}}],"line":30},"16":{"loc":{"start":{"line":30,"column":78},"end":{"line":30,"column":137}},"type":"if","locations":[{"start":{"line":30,"column":78},"end":{"line":30,"column":137}},{"start":{},"end":{}}],"line":30},"17":{"loc":{"start":{"line":57,"column":29},"end":{"line":57,"column":72}},"type":"cond-expr","locations":[{"start":{"line":57,"column":45},"end":{"line":57,"column":59}},{"start":{"line":57,"column":62},"end":{"line":57,"column":72}}],"line":57},"18":{"loc":{"start":{"line":58,"column":57},"end":{"line":58,"column":95}},"type":"cond-expr","locations":[{"start":{"line":58,"column":73},"end":{"line":58,"column":82}},{"start":{"line":58,"column":85},"end":{"line":58,"column":95}}],"line":58}},"s":{"0":0,"1":0,"2":0,"3":0,"4":0,"5":0,"6":0,"7":0,"8":0,"9":0,"10":0,"11":0,"12":0,"13":0,"14":0,"15":0,"16":0,"17":0,"18":0,"19":0,"20":0,"21":0,"22":0,"23":0,"24":0,"25":0,"26":0,"27":0,"28":0,"29":0,"30":0,"31":0,"32":0,"33":0,"34":0,"35":0,"36":0,"37":0,"38":0,"39":0,"40":0,"41":0,"42":0,"43":0,"44":0,"45":0,"46":0,"47":0,"48":0,"49":0,"50":0,"51":0,"52":0,"53":0,"54":0,"55":0,"56":0,"57":0,"58":0,"59":0,"60":0,"61":0},"f":{"0":0,"1":0,"2":0,"3":0,"4":0,"5":0,"6":0,"7":0,"8":0,"9":0,"10":0,"11":0,"12":0},"b":{"0":[0,0,0],"1":[0,0],"2":[0,0],"3":[0,0],"4":[0,0],"5":[0,0],"6":[0,0],"7":[0,0],"8":[0,0,0],"9":[0,0],"10":[0,0,0],"11":[0,0],"12":[0,0],"13":[0,0],"14":[0,0],"15":[0,0],"16":[0,0],"17":[0,0],"18":[0,0]},"inputSourceMap":{"version":3,"file":"activate.js","sourceRoot":"","sources":["../../src/activate.ts"],"names":[],"mappings":";;;;;;;;;;;;;;;;;;;;;;;;;;;;;;;;;;;AAKA,4BAkDC;AAED,gCAEC;AA3DD,+CAAiC;AACjC,yCAAkH;AAClH,qCAA8C;AAC9C,qDAAsD;AAEtD,SAAgB,QAAQ,CAAC,OAAgC;IACvD,IAAA,mBAAU,EAAC,IAAI,CAAC,CAAC;IACjB,eAAM,CAAC,GAAG,CAAC,mEAAmE,CAAC,CAAC;IAEhF,2BAA2B;IAC3B,MAAM,CAAC,QAAQ,CAAC,cAAc,CAAC,YAAY,EAAE,uCAAuC,EAAE,IAAI,CAAC,CAAC;IAE5F,yBAAyB;IACzB,MAAM,aAAa,GAAG,MAAM,CAAC,MAAM,CAAC,mBAAmB,CAAC,MAAM,CAAC,kBAAkB,CAAC,KAAK,EAAE,GAAG,CAAC,CAAC;IAC9F,aAAa,CAAC,OAAO,GAAG,oCAAoC,CAAC;IAC7D,aAAa,CAAC,OAAO,GAAG,iCAAiC,CAAC;IAC1D,aAAa,CAAC,IAAI,GAAG,cAAc,CAAC;IACpC,aAAa,CAAC,IAAI,EAAE,CAAC;IAErB,0BAA0B;IAC1B,MAAM,uBAAuB,GAAG,MAAM,CAAC,QAAQ,CAAC,eAAe,CAAC,oCAAoC,EAAE,GAAG,EAAE;QACzG,MAAM,YAAY,GAAG,OAAO,CAAC,WAAW,CAAC,GAAG,CAAC,uCAAuC,EAAE,IAAI,CAAC,CAAC;QAC5F,MAAM,CAAC,QAAQ,CAAC,cAAc,CAAC,YAAY,EAAE,uCAAuC,EAAE,CAAC,YAAY,CAAC,CAAC;QACrG,aAAa,CAAC,IAAI,GAAG,CAAC,YAAY,CAAC,CAAC,CAAC,cAAc,CAAC,CAAC,CAAC,UAAU,CAAC;QACjE,eAAM,CAAC,IAAI,CAAC,4BAA4B,CAAC,YAAY,CAAC,CAAC,CAAC,SAAS,CAAC,CAAC,CAAC,UAAU,GAAG,CAAC,CAAC;IACrF,CAAC,CAAC,CAAC;IAEH,MAAM,mBAAmB,GAAG,MAAM,CAAC,QAAQ,CAAC,eAAe,CAAC,gCAAgC,EAAE,2BAAgB,CAAC,CAAC;IAEhH,MAAM,0BAA0B,GAAG,MAAM,CAAC,QAAQ,CAAC,eAAe,CAChE,uCAAuC,EACvC,kCAAuB,CACxB,CAAC;IAEF,MAAM,mBAAmB,GAAG,MAAM,CAAC,QAAQ,CAAC,eAAe,CAAC,gCAAgC,EAAE,2BAAgB,CAAC,CAAC;IAEhH,MAAM,0BAA0B,GAAG,MAAM,CAAC,QAAQ,CAAC,eAAe,CAChE,uCAAuC,EACvC,kCAAuB,CACxB,CAAC;IAEF,MAAM,4BAA4B,GAAG,MAAM,CAAC,QAAQ,CAAC,eAAe,CAClE,yCAAyC,EACzC,GAAG,EAAE,CAAC,IAAA,mCAAkB,EAAC,OAAO,CAAC,CAClC,CAAC;IAEF,OAAO,CAAC,aAAa,CAAC,IAAI,CACxB,mBAAmB,EACnB,0BAA0B,EAC1B,mBAAmB,EACnB,0BAA0B,EAC1B,aAAa,EACb,uBAAuB,EACvB,4BAA4B,CAC7B,CAAC;AACJ,CAAC;AAED,SAAgB,UAAU;IACxB,uGAAuG;AACzG,CAAC"},"all":true},"C:\\mouli\\vscodeExtensions\\moulin-dev-console-log\\out\\src\\commands.js":{"path":"C:\\mouli\\vscodeExtensions\\moulin-dev-console-log\\out\\src\\commands.js","statementMap":{"0":{"start":{"line":2,"column":22},"end":{"line":12,"column":3}},"1":{"start":{"line":3,"column":4},"end":{"line":3,"column":33}},"2":{"start":{"line":3,"column":26},"end":{"line":3,"column":33}},"3":{"start":{"line":4,"column":15},"end":{"line":4,"column":52}},"4":{"start":{"line":5,"column":4},"end":{"line":7,"column":5}},"5":{"start":{"line":6,"column":6},"end":{"line":6,"column":68}},"6":{"start":{"line":6,"column":51},"end":{"line":6,"column":63}},"7":{"start":{"line":8,"column":4},"end":{"line":8,"column":39}},"8":{"start":{"line":10,"column":4},"end":{"line":10,"column":33}},"9":{"start":{"line":10,"column":26},"end":{"line":10,"column":33}},"10":{"start":{"line":11,"column":4},"end":{"line":11,"column":17}},"11":{"start":{"line":13,"column":25},"end":{"line":17,"column":2}},"12":{"start":{"line":14,"column":4},"end":{"line":14,"column":72}},"13":{"start":{"line":16,"column":4},"end":{"line":16,"column":21}},"14":{"start":{"line":18,"column":19},"end":{"line":34,"column":4}},"15":{"start":{"line":19,"column":18},"end":{"line":26,"column":5}},"16":{"start":{"line":20,"column":8},"end":{"line":24,"column":10}},"17":{"start":{"line":21,"column":21},"end":{"line":21,"column":23}},"18":{"start":{"line":22,"column":12},"end":{"line":22,"column":95}},"19":{"start":{"line":22,"column":29},"end":{"line":22,"column":95}},"20":{"start":{"line":22,"column":77},"end":{"line":22,"column":95}},"21":{"start":{"line":23,"column":12},"end":{"line":23,"column":22}},"22":{"start":{"line":25,"column":8},"end":{"line":25,"column":26}},"23":{"start":{"line":27,"column":4},"end":{"line":33,"column":6}},"24":{"start":{"line":28,"column":8},"end":{"line":28,"column":46}},"25":{"start":{"line":28,"column":35},"end":{"line":28,"column":46}},"26":{"start":{"line":29,"column":21},"end":{"line":29,"column":23}},"27":{"start":{"line":30,"column":8},"end":{"line":30,"column":137}},"28":{"start":{"line":30,"column":25},"end":{"line":30,"column":137}},"29":{"start":{"line":30,"column":38},"end":{"line":30,"column":50}},"30":{"start":{"line":30,"column":56},"end":{"line":30,"column":57}},"31":{"start":{"line":30,"column":78},"end":{"line":30,"column":137}},"32":{"start":{"line":30,"column":102},"end":{"line":30,"column":137}},"33":{"start":{"line":31,"column":8},"end":{"line":31,"column":40}},"34":{"start":{"line":32,"column":8},"end":{"line":32,"column":22}},"35":{"start":{"line":35,"column":0},"end":{"line":35,"column":62}},"36":{"start":{"line":36,"column":0},"end":{"line":36,"column":44}},"37":{"start":{"line":37,"column":0},"end":{"line":37,"column":58}},"38":{"start":{"line":38,"column":0},"end":{"line":38,"column":44}},"39":{"start":{"line":39,"column":0},"end":{"line":39,"column":58}},"40":{"start":{"line":40,"column":15},"end":{"line":40,"column":46}},"41":{"start":{"line":41,"column":17},"end":{"line":41,"column":36}},"42":{"start":{"line":42,"column":23},"end":{"line":42,"column":48}},"43":{"start":{"line":43,"column":17},"end":{"line":43,"column":36}},"44":{"start":{"line":44,"column":17},"end":{"line":44,"column":36}},"45":{"start":{"line":45,"column":20},"end":{"line":45,"column":42}},"46":{"start":{"line":47,"column":21},"end":{"line":237,"column":1}},"47":{"start":{"line":49,"column":8},"end":{"line":49,"column":56}},"48":{"start":{"line":52,"column":8},"end":{"line":52,"column":52}},"49":{"start":{"line":55,"column":31},"end":{"line":55,"column":83}},"50":{"start":{"line":56,"column":8},"end":{"line":65,"column":9}},"51":{"start":{"line":57,"column":28},"end":{"line":57,"column":78}},"52":{"start":{"line":58,"column":12},"end":{"line":61,"column":79}},"53":{"start":{"line":61,"column":34},"end":{"line":61,"column":77}},"54":{"start":{"line":64,"column":12},"end":{"line":64,"column":22}},"55":{"start":{"line":68,"column":8},"end":{"line":68,"column":76}},"56":{"start":{"line":71,"column":32},"end":{"line":71,"column":68}},"57":{"start":{"line":72,"column":8},"end":{"line":74,"column":9}},"58":{"start":{"line":73,"column":12},"end":{"line":73,"column":25}},"59":{"start":{"line":75,"column":29},"end":{"line":75,"column":62}},"60":{"start":{"line":76,"column":23},"end":{"line":76,"column":55}},"61":{"start":{"line":77,"column":31},"end":{"line":77,"column":44}},"62":{"start":{"line":78,"column":8},"end":{"line":82,"column":9}},"63":{"start":{"line":79,"column":12},"end":{"line":81,"column":13}},"64":{"start":{"line":80,"column":16},"end":{"line":80,"column":28}},"65":{"start":{"line":83,"column":28},"end":{"line":83,"column":64}},"66":{"start":{"line":84,"column":8},"end":{"line":91,"column":9}},"67":{"start":{"line":85,"column":33},"end":{"line":85,"column":99}},"68":{"start":{"line":86,"column":12},"end":{"line":90,"column":13}},"69":{"start":{"line":87,"column":16},"end":{"line":89,"column":17}},"70":{"start":{"line":88,"column":20},"end":{"line":88,"column":32}},"71":{"start":{"line":92,"column":8},"end":{"line":92,"column":21}},"72":{"start":{"line":95,"column":8},"end":{"line":95,"column":60}},"73":{"start":{"line":98,"column":8},"end":{"line":100,"column":9}},"74":{"start":{"line":99,"column":12},"end":{"line":99,"column":25}},"75":{"start":{"line":101,"column":28},"end":{"line":101,"column":41}},"76":{"start":{"line":102,"column":8},"end":{"line":104,"column":9}},"77":{"start":{"line":103,"column":12},"end":{"line":103,"column":25}},"78":{"start":{"line":105,"column":27},"end":{"line":105,"column":112}},"79":{"start":{"line":106,"column":8},"end":{"line":106,"column":38}},"80":{"start":{"line":109,"column":30},"end":{"line":109,"column":56}},"81":{"start":{"line":110,"column":8},"end":{"line":112,"column":11}},"82":{"start":{"line":111,"column":12},"end":{"line":111,"column":91}},"83":{"start":{"line":113,"column":8},"end":{"line":113,"column":29}},"84":{"start":{"line":116,"column":8},"end":{"line":120,"column":11}},"85":{"start":{"line":117,"column":12},"end":{"line":119,"column":15}},"86":{"start":{"line":118,"column":16},"end":{"line":118,"column":72}},"87":{"start":{"line":123,"column":27},"end":{"line":123,"column":96}},"88":{"start":{"line":124,"column":24},"end":{"line":124,"column":75}},"89":{"start":{"line":125,"column":27},"end":{"line":125,"column":91}},"90":{"start":{"line":126,"column":8},"end":{"line":126,"column":58}},"91":{"start":{"line":127,"column":8},"end":{"line":127,"column":133}},"92":{"start":{"line":128,"column":29},"end":{"line":128,"column":125}},"93":{"start":{"line":129,"column":8},"end":{"line":129,"column":38}},"94":{"start":{"line":132,"column":8},"end":{"line":134,"column":9}},"95":{"start":{"line":133,"column":12},"end":{"line":133,"column":19}},"96":{"start":{"line":135,"column":30},"end":{"line":135,"column":77}},"97":{"start":{"line":136,"column":8},"end":{"line":148,"column":9}},"98":{"start":{"line":137,"column":30},"end":{"line":137,"column":85}},"99":{"start":{"line":138,"column":12},"end":{"line":143,"column":13}},"100":{"start":{"line":139,"column":16},"end":{"line":139,"column":64}},"101":{"start":{"line":142,"column":16},"end":{"line":142,"column":65}},"102":{"start":{"line":144,"column":12},"end":{"line":144,"column":87}},"103":{"start":{"line":147,"column":12},"end":{"line":147,"column":58}},"104":{"start":{"line":151,"column":26},"end":{"line":151,"column":61}},"105":{"start":{"line":152,"column":24},"end":{"line":152,"column":75}},"106":{"start":{"line":153,"column":22},"end":{"line":153,"column":24}},"107":{"start":{"line":154,"column":8},"end":{"line":156,"column":9}},"108":{"start":{"line":154,"column":21},"end":{"line":154,"column":30}},"109":{"start":{"line":155,"column":12},"end":{"line":155,"column":50}},"110":{"start":{"line":157,"column":8},"end":{"line":157,"column":21}},"111":{"start":{"line":160,"column":22},"end":{"line":160,"column":65}},"112":{"start":{"line":161,"column":8},"end":{"line":161,"column":69}},"113":{"start":{"line":161,"column":40},"end":{"line":161,"column":67}},"114":{"start":{"line":164,"column":26},"end":{"line":164,"column":67}},"115":{"start":{"line":165,"column":8},"end":{"line":168,"column":9}},"116":{"start":{"line":166,"column":12},"end":{"line":166,"column":112}},"117":{"start":{"line":167,"column":12},"end":{"line":167,"column":24}},"118":{"start":{"line":169,"column":8},"end":{"line":169,"column":21}},"119":{"start":{"line":172,"column":22},"end":{"line":172,"column":24}},"120":{"start":{"line":173,"column":23},"end":{"line":173,"column":55}},"121":{"start":{"line":174,"column":8},"end":{"line":201,"column":9}},"122":{"start":{"line":175,"column":27},"end":{"line":175,"column":43}},"123":{"start":{"line":176,"column":12},"end":{"line":200,"column":13}},"124":{"start":{"line":177,"column":36},"end":{"line":177,"column":105}},"125":{"start":{"line":178,"column":16},"end":{"line":181,"column":17}},"126":{"start":{"line":179,"column":20},"end":{"line":179,"column":130}},"127":{"start":{"line":180,"column":20},"end":{"line":180,"column":29}},"128":{"start":{"line":183,"column":16},"end":{"line":189,"column":17}},"129":{"start":{"line":184,"column":43},"end":{"line":184,"column":82}},"130":{"start":{"line":184,"column":71},"end":{"line":184,"column":81}},"131":{"start":{"line":185,"column":20},"end":{"line":185,"column":108}},"132":{"start":{"line":188,"column":20},"end":{"line":188,"column":92}},"133":{"start":{"line":190,"column":16},"end":{"line":196,"column":17}},"134":{"start":{"line":192,"column":20},"end":{"line":192,"column":91}},"135":{"start":{"line":195,"column":20},"end":{"line":195,"column":78}},"136":{"start":{"line":199,"column":16},"end":{"line":199,"column":87}},"137":{"start":{"line":202,"column":8},"end":{"line":202,"column":21}},"138":{"start":{"line":205,"column":30},"end":{"line":205,"column":32}},"139":{"start":{"line":206,"column":8},"end":{"line":211,"column":9}},"140":{"start":{"line":206,"column":21},"end":{"line":206,"column":22}},"141":{"start":{"line":207,"column":25},"end":{"line":207,"column":38}},"142":{"start":{"line":208,"column":12},"end":{"line":210,"column":13}},"143":{"start":{"line":209,"column":16},"end":{"line":209,"column":65}},"144":{"start":{"line":212,"column":8},"end":{"line":212,"column":29}},"145":{"start":{"line":215,"column":22},"end":{"line":215,"column":24}},"146":{"start":{"line":216,"column":8},"end":{"line":224,"column":9}},"147":{"start":{"line":217,"column":12},"end":{"line":223,"column":13}},"148":{"start":{"line":218,"column":32},"end":{"line":218,"column":89}},"149":{"start":{"line":219,"column":16},"end":{"line":219,"column":70}},"150":{"start":{"line":222,"column":16},"end":{"line":222,"column":116}},"151":{"start":{"line":225,"column":8},"end":{"line":225,"column":21}},"152":{"start":{"line":228,"column":27},"end":{"line":228,"column":115}},"153":{"start":{"line":229,"column":8},"end":{"line":235,"column":9}},"154":{"start":{"line":230,"column":12},"end":{"line":230,"column":93}},"155":{"start":{"line":231,"column":12},"end":{"line":231,"column":97}},"156":{"start":{"line":234,"column":12},"end":{"line":234,"column":101}},"157":{"start":{"line":240,"column":19},"end":{"line":240,"column":49}},"158":{"start":{"line":241,"column":4},"end":{"line":243,"column":5}},"159":{"start":{"line":242,"column":8},"end":{"line":242,"column":15}},"160":{"start":{"line":244,"column":16},"end":{"line":244,"column":31}},"161":{"start":{"line":245,"column":17},"end":{"line":245,"column":30}},"162":{"start":{"line":246,"column":21},"end":{"line":246,"column":61}},"163":{"start":{"line":247,"column":4},"end":{"line":249,"column":5}},"164":{"start":{"line":248,"column":8},"end":{"line":248,"column":15}},"165":{"start":{"line":250,"column":24},"end":{"line":250,"column":51}},"166":{"start":{"line":251,"column":29},"end":{"line":251,"column":91}},"167":{"start":{"line":252,"column":4},"end":{"line":260,"column":5}},"168":{"start":{"line":253,"column":8},"end":{"line":258,"column":11}},"169":{"start":{"line":259,"column":8},"end":{"line":259,"column":15}},"170":{"start":{"line":261,"column":26},"end":{"line":261,"column":88}},"171":{"start":{"line":262,"column":18},"end":{"line":262,"column":97}},"172":{"start":{"line":263,"column":19},"end":{"line":263,"column":51}},"173":{"start":{"line":264,"column":23},"end":{"line":264,"column":111}},"174":{"start":{"line":265,"column":4},"end":{"line":265,"column":85}},"175":{"start":{"line":268,"column":19},"end":{"line":268,"column":49}},"176":{"start":{"line":269,"column":4},"end":{"line":271,"column":5}},"177":{"start":{"line":270,"column":8},"end":{"line":270,"column":15}},"178":{"start":{"line":272,"column":4},"end":{"line":280,"column":7}},"179":{"start":{"line":273,"column":8},"end":{"line":279,"column":9}},"180":{"start":{"line":274,"column":33},"end":{"line":274,"column":67}},"181":{"start":{"line":275,"column":12},"end":{"line":278,"column":13}},"182":{"start":{"line":276,"column":32},"end":{"line":276,"column":67}},"183":{"start":{"line":277,"column":16},"end":{"line":277,"column":56}},"184":{"start":{"line":283,"column":19},"end":{"line":283,"column":49}},"185":{"start":{"line":284,"column":4},"end":{"line":286,"column":5}},"186":{"start":{"line":285,"column":8},"end":{"line":285,"column":15}},"187":{"start":{"line":287,"column":16},"end":{"line":287,"column":31}},"188":{"start":{"line":288,"column":19},"end":{"line":288,"column":51}},"189":{"start":{"line":289,"column":19},"end":{"line":289,"column":32}},"190":{"start":{"line":290,"column":26},"end":{"line":290,"column":68}},"191":{"start":{"line":291,"column":4},"end":{"line":301,"column":5}},"192":{"start":{"line":292,"column":8},"end":{"line":296,"column":11}},"193":{"start":{"line":293,"column":12},"end":{"line":295,"column":15}},"194":{"start":{"line":294,"column":16},"end":{"line":294,"column":42}},"195":{"start":{"line":297,"column":8},"end":{"line":297,"column":81}},"196":{"start":{"line":300,"column":8},"end":{"line":300,"column":67}},"197":{"start":{"line":304,"column":19},"end":{"line":304,"column":49}},"198":{"start":{"line":305,"column":4},"end":{"line":307,"column":5}},"199":{"start":{"line":306,"column":8},"end":{"line":306,"column":15}},"200":{"start":{"line":308,"column":16},"end":{"line":308,"column":31}},"201":{"start":{"line":309,"column":17},"end":{"line":309,"column":30}},"202":{"start":{"line":310,"column":21},"end":{"line":310,"column":61}},"203":{"start":{"line":311,"column":4},"end":{"line":313,"column":5}},"204":{"start":{"line":312,"column":8},"end":{"line":312,"column":15}},"205":{"start":{"line":314,"column":29},"end":{"line":314,"column":75}},"206":{"start":{"line":315,"column":4},"end":{"line":318,"column":5}},"207":{"start":{"line":316,"column":8},"end":{"line":316,"column":85}},"208":{"start":{"line":317,"column":8},"end":{"line":317,"column":15}},"209":{"start":{"line":319,"column":18},"end":{"line":319,"column":86}},"210":{"start":{"line":320,"column":19},"end":{"line":320,"column":51}},"211":{"start":{"line":321,"column":4},"end":{"line":321,"column":80}}},"fnMap":{"0":{"name":"(anonymous_0)","decl":{"start":{"line":2,"column":74},"end":{"line":2,"column":75}},"loc":{"start":{"line":2,"column":96},"end":{"line":9,"column":1}},"line":2},"1":{"name":"(anonymous_1)","decl":{"start":{"line":6,"column":38},"end":{"line":6,"column":39}},"loc":{"start":{"line":6,"column":49},"end":{"line":6,"column":65}},"line":6},"2":{"name":"(anonymous_2)","decl":{"start":{"line":9,"column":6},"end":{"line":9,"column":7}},"loc":{"start":{"line":9,"column":28},"end":{"line":12,"column":1}},"line":9},"3":{"name":"(anonymous_3)","decl":{"start":{"line":13,"column":80},"end":{"line":13,"column":81}},"loc":{"start":{"line":13,"column":95},"end":{"line":15,"column":1}},"line":13},"4":{"name":"(anonymous_4)","decl":{"start":{"line":15,"column":5},"end":{"line":15,"column":6}},"loc":{"start":{"line":15,"column":20},"end":{"line":17,"column":1}},"line":15},"5":{"name":"(anonymous_5)","decl":{"start":{"line":18,"column":51},"end":{"line":18,"column":52}},"loc":{"start":{"line":18,"column":63},"end":{"line":34,"column":1}},"line":18},"6":{"name":"(anonymous_6)","decl":{"start":{"line":19,"column":18},"end":{"line":19,"column":19}},"loc":{"start":{"line":19,"column":30},"end":{"line":26,"column":5}},"line":19},"7":{"name":"(anonymous_7)","decl":{"start":{"line":20,"column":48},"end":{"line":20,"column":49}},"loc":{"start":{"line":20,"column":61},"end":{"line":24,"column":9}},"line":20},"8":{"name":"(anonymous_8)","decl":{"start":{"line":27,"column":11},"end":{"line":27,"column":12}},"loc":{"start":{"line":27,"column":26},"end":{"line":33,"column":5}},"line":27},"9":{"name":"(anonymous_9)","decl":{"start":{"line":48,"column":4},"end":{"line":48,"column":5}},"loc":{"start":{"line":48,"column":28},"end":{"line":50,"column":5}},"line":48},"10":{"name":"(anonymous_10)","decl":{"start":{"line":51,"column":4},"end":{"line":51,"column":5}},"loc":{"start":{"line":51,"column":25},"end":{"line":53,"column":5}},"line":51},"11":{"name":"(anonymous_11)","decl":{"start":{"line":54,"column":24},"end":{"line":54,"column":25}},"loc":{"start":{"line":54,"column":69},"end":{"line":66,"column":5}},"line":54},"12":{"name":"(anonymous_12)","decl":{"start":{"line":61,"column":24},"end":{"line":61,"column":25}},"loc":{"start":{"line":61,"column":34},"end":{"line":61,"column":77}},"line":61},"13":{"name":"(anonymous_13)","decl":{"start":{"line":67,"column":26},"end":{"line":67,"column":27}},"loc":{"start":{"line":67,"column":59},"end":{"line":69,"column":5}},"line":67},"14":{"name":"(anonymous_14)","decl":{"start":{"line":70,"column":19},"end":{"line":70,"column":20}},"loc":{"start":{"line":70,"column":40},"end":{"line":93,"column":5}},"line":70},"15":{"name":"(anonymous_15)","decl":{"start":{"line":94,"column":24},"end":{"line":94,"column":25}},"loc":{"start":{"line":94,"column":64},"end":{"line":96,"column":5}},"line":94},"16":{"name":"(anonymous_16)","decl":{"start":{"line":97,"column":27},"end":{"line":97,"column":28}},"loc":{"start":{"line":97,"column":84},"end":{"line":107,"column":5}},"line":97},"17":{"name":"(anonymous_17)","decl":{"start":{"line":108,"column":25},"end":{"line":108,"column":26}},"loc":{"start":{"line":108,"column":50},"end":{"line":114,"column":5}},"line":108},"18":{"name":"(anonymous_18)","decl":{"start":{"line":110,"column":22},"end":{"line":110,"column":23}},"loc":{"start":{"line":110,"column":32},"end":{"line":112,"column":9}},"line":110},"19":{"name":"(anonymous_19)","decl":{"start":{"line":115,"column":17},"end":{"line":115,"column":18}},"loc":{"start":{"line":115,"column":48},"end":{"line":121,"column":5}},"line":115},"20":{"name":"(anonymous_20)","decl":{"start":{"line":116,"column":26},"end":{"line":116,"column":27}},"loc":{"start":{"line":116,"column":43},"end":{"line":120,"column":9}},"line":116},"21":{"name":"(anonymous_21)","decl":{"start":{"line":117,"column":26},"end":{"line":117,"column":27}},"loc":{"start":{"line":117,"column":36},"end":{"line":119,"column":13}},"line":117},"22":{"name":"(anonymous_22)","decl":{"start":{"line":122,"column":27},"end":{"line":122,"column":28}},"loc":{"start":{"line":122,"column":58},"end":{"line":130,"column":5}},"line":122},"23":{"name":"(anonymous_23)","decl":{"start":{"line":131,"column":27},"end":{"line":131,"column":28}},"loc":{"start":{"line":131,"column":71},"end":{"line":149,"column":5}},"line":131},"24":{"name":"(anonymous_24)","decl":{"start":{"line":150,"column":20},"end":{"line":150,"column":21}},"loc":{"start":{"line":150,"column":57},"end":{"line":158,"column":5}},"line":150},"25":{"name":"(anonymous_25)","decl":{"start":{"line":159,"column":20},"end":{"line":159,"column":21}},"loc":{"start":{"line":159,"column":55},"end":{"line":162,"column":5}},"line":159},"26":{"name":"(anonymous_26)","decl":{"start":{"line":161,"column":26},"end":{"line":161,"column":27}},"loc":{"start":{"line":161,"column":40},"end":{"line":161,"column":67}},"line":161},"27":{"name":"(anonymous_27)","decl":{"start":{"line":163,"column":27},"end":{"line":163,"column":28}},"loc":{"start":{"line":163,"column":48},"end":{"line":170,"column":5}},"line":163},"28":{"name":"(anonymous_28)","decl":{"start":{"line":171,"column":27},"end":{"line":171,"column":28}},"loc":{"start":{"line":171,"column":82},"end":{"line":203,"column":5}},"line":171},"29":{"name":"(anonymous_29)","decl":{"start":{"line":184,"column":61},"end":{"line":184,"column":62}},"loc":{"start":{"line":184,"column":71},"end":{"line":184,"column":81}},"line":184},"30":{"name":"(anonymous_30)","decl":{"start":{"line":204,"column":22},"end":{"line":204,"column":23}},"loc":{"start":{"line":204,"column":45},"end":{"line":213,"column":5}},"line":204},"31":{"name":"(anonymous_31)","decl":{"start":{"line":214,"column":33},"end":{"line":214,"column":34}},"loc":{"start":{"line":214,"column":71},"end":{"line":226,"column":5}},"line":214},"32":{"name":"(anonymous_32)","decl":{"start":{"line":227,"column":34},"end":{"line":227,"column":35}},"loc":{"start":{"line":227,"column":78},"end":{"line":236,"column":5}},"line":227},"33":{"name":"insertLogCommand","decl":{"start":{"line":239,"column":15},"end":{"line":239,"column":31}},"loc":{"start":{"line":239,"column":34},"end":{"line":266,"column":1}},"line":239},"34":{"name":"wrapInConsoleLogCommand","decl":{"start":{"line":267,"column":15},"end":{"line":267,"column":38}},"loc":{"start":{"line":267,"column":41},"end":{"line":281,"column":1}},"line":267},"35":{"name":"(anonymous_35)","decl":{"start":{"line":272,"column":22},"end":{"line":272,"column":23}},"loc":{"start":{"line":272,"column":39},"end":{"line":280,"column":5}},"line":272},"36":{"name":"cleanLogsCommand","decl":{"start":{"line":282,"column":15},"end":{"line":282,"column":31}},"loc":{"start":{"line":282,"column":34},"end":{"line":302,"column":1}},"line":282},"37":{"name":"(anonymous_37)","decl":{"start":{"line":292,"column":26},"end":{"line":292,"column":27}},"loc":{"start":{"line":292,"column":43},"end":{"line":296,"column":9}},"line":292},"38":{"name":"(anonymous_38)","decl":{"start":{"line":293,"column":34},"end":{"line":293,"column":35}},"loc":{"start":{"line":293,"column":45},"end":{"line":295,"column":13}},"line":293},"39":{"name":"insertLogForFileCommand","decl":{"start":{"line":303,"column":15},"end":{"line":303,"column":38}},"loc":{"start":{"line":303,"column":41},"end":{"line":322,"column":1}},"line":303}},"branchMap":{"0":{"loc":{"start":{"line":2,"column":22},"end":{"line":12,"column":3}},"type":"binary-expr","locations":[{"start":{"line":2,"column":23},"end":{"line":2,"column":27}},{"start":{"line":2,"column":31},"end":{"line":2,"column":51}},{"start":{"line":2,"column":57},"end":{"line":12,"column":2}}],"line":2},"1":{"loc":{"start":{"line":2,"column":57},"end":{"line":12,"column":2}},"type":"cond-expr","locations":[{"start":{"line":2,"column":74},"end":{"line":9,"column":1}},{"start":{"line":9,"column":6},"end":{"line":12,"column":1}}],"line":2},"2":{"loc":{"start":{"line":3,"column":4},"end":{"line":3,"column":33}},"type":"if","locations":[{"start":{"line":3,"column":4},"end":{"line":3,"column":33}},{"start":{},"end":{}}],"line":3},"3":{"loc":{"start":{"line":5,"column":4},"end":{"line":7,"column":5}},"type":"if","locations":[{"start":{"line":5,"column":4},"end":{"line":7,"column":5}},{"start":{},"end":{}}],"line":5},"4":{"loc":{"start":{"line":5,"column":8},"end":{"line":5,"column":85}},"type":"binary-expr","locations":[{"start":{"line":5,"column":8},"end":{"line":5,"column":13}},{"start":{"line":5,"column":18},"end":{"line":5,"column":84}}],"line":5},"5":{"loc":{"start":{"line":5,"column":18},"end":{"line":5,"column":84}},"type":"cond-expr","locations":[{"start":{"line":5,"column":34},"end":{"line":5,"column":47}},{"start":{"line":5,"column":50},"end":{"line":5,"column":84}}],"line":5},"6":{"loc":{"start":{"line":5,"column":50},"end":{"line":5,"column":84}},"type":"binary-expr","locations":[{"start":{"line":5,"column":50},"end":{"line":5,"column":63}},{"start":{"line":5,"column":67},"end":{"line":5,"column":84}}],"line":5},"7":{"loc":{"start":{"line":10,"column":4},"end":{"line":10,"column":33}},"type":"if","locations":[{"start":{"line":10,"column":4},"end":{"line":10,"column":33}},{"start":{},"end":{}}],"line":10},"8":{"loc":{"start":{"line":13,"column":25},"end":{"line":17,"column":2}},"type":"binary-expr","locations":[{"start":{"line":13,"column":26},"end":{"line":13,"column":30}},{"start":{"line":13,"column":34},"end":{"line":13,"column":57}},{"start":{"line":13,"column":63},"end":{"line":17,"column":1}}],"line":13},"9":{"loc":{"start":{"line":13,"column":63},"end":{"line":17,"column":1}},"type":"cond-expr","locations":[{"start":{"line":13,"column":80},"end":{"line":15,"column":1}},{"start":{"line":15,"column":5},"end":{"line":17,"column":1}}],"line":13},"10":{"loc":{"start":{"line":18,"column":19},"end":{"line":34,"column":4}},"type":"binary-expr","locations":[{"start":{"line":18,"column":20},"end":{"line":18,"column":24}},{"start":{"line":18,"column":28},"end":{"line":18,"column":45}},{"start":{"line":18,"column":50},"end":{"line":34,"column":4}}],"line":18},"11":{"loc":{"start":{"line":20,"column":18},"end":{"line":24,"column":9}},"type":"binary-expr","locations":[{"start":{"line":20,"column":18},"end":{"line":20,"column":44}},{"start":{"line":20,"column":48},"end":{"line":24,"column":9}}],"line":20},"12":{"loc":{"start":{"line":22,"column":29},"end":{"line":22,"column":95}},"type":"if","locations":[{"start":{"line":22,"column":29},"end":{"line":22,"column":95}},{"start":{},"end":{}}],"line":22},"13":{"loc":{"start":{"line":28,"column":8},"end":{"line":28,"column":46}},"type":"if","locations":[{"start":{"line":28,"column":8},"end":{"line":28,"column":46}},{"start":{},"end":{}}],"line":28},"14":{"loc":{"start":{"line":28,"column":12},"end":{"line":28,"column":33}},"type":"binary-expr","locations":[{"start":{"line":28,"column":12},"end":{"line":28,"column":15}},{"start":{"line":28,"column":19},"end":{"line":28,"column":33}}],"line":28},"15":{"loc":{"start":{"line":30,"column":8},"end":{"line":30,"column":137}},"type":"if","locations":[{"start":{"line":30,"column":8},"end":{"line":30,"column":137}},{"start":{},"end":{}}],"line":30},"16":{"loc":{"start":{"line":30,"column":78},"end":{"line":30,"column":137}},"type":"if","locations":[{"start":{"line":30,"column":78},"end":{"line":30,"column":137}},{"start":{},"end":{}}],"line":30},"17":{"loc":{"start":{"line":61,"column":34},"end":{"line":61,"column":77}},"type":"binary-expr","locations":[{"start":{"line":61,"column":34},"end":{"line":61,"column":52}},{"start":{"line":61,"column":56},"end":{"line":61,"column":77}}],"line":61},"18":{"loc":{"start":{"line":68,"column":15},"end":{"line":68,"column":75}},"type":"binary-expr","locations":[{"start":{"line":68,"column":15},"end":{"line":68,"column":47}},{"start":{"line":68,"column":51},"end":{"line":68,"column":75}}],"line":68},"19":{"loc":{"start":{"line":72,"column":8},"end":{"line":74,"column":9}},"type":"if","locations":[{"start":{"line":72,"column":8},"end":{"line":74,"column":9}},{"start":{},"end":{}}],"line":72},"20":{"loc":{"start":{"line":79,"column":12},"end":{"line":81,"column":13}},"type":"if","locations":[{"start":{"line":79,"column":12},"end":{"line":81,"column":13}},{"start":{},"end":{}}],"line":79},"21":{"loc":{"start":{"line":87,"column":16},"end":{"line":89,"column":17}},"type":"if","locations":[{"start":{"line":87,"column":16},"end":{"line":89,"column":17}},{"start":{},"end":{}}],"line":87},"22":{"loc":{"start":{"line":98,"column":8},"end":{"line":100,"column":9}},"type":"if","locations":[{"start":{"line":98,"column":8},"end":{"line":100,"column":9}},{"start":{},"end":{}}],"line":98},"23":{"loc":{"start":{"line":102,"column":8},"end":{"line":104,"column":9}},"type":"if","locations":[{"start":{"line":102,"column":8},"end":{"line":104,"column":9}},{"start":{},"end":{}}],"line":102},"24":{"loc":{"start":{"line":132,"column":8},"end":{"line":134,"column":9}},"type":"if","locations":[{"start":{"line":132,"column":8},"end":{"line":134,"column":9}},{"start":{},"end":{}}],"line":132},"25":{"loc":{"start":{"line":136,"column":8},"end":{"line":148,"column":9}},"type":"if","locations":[{"start":{"line":136,"column":8},"end":{"line":148,"column":9}},{"start":{"line":146,"column":13},"end":{"line":148,"column":9}}],"line":136},"26":{"loc":{"start":{"line":138,"column":12},"end":{"line":143,"column":13}},"type":"if","locations":[{"start":{"line":138,"column":12},"end":{"line":143,"column":13}},{"start":{"line":141,"column":17},"end":{"line":143,"column":13}}],"line":138},"27":{"loc":{"start":{"line":150,"column":46},"end":{"line":150,"column":55}},"type":"default-arg","locations":[{"start":{"line":150,"column":54},"end":{"line":150,"column":55}}],"line":150},"28":{"loc":{"start":{"line":165,"column":8},"end":{"line":168,"column":9}},"type":"if","locations":[{"start":{"line":165,"column":8},"end":{"line":168,"column":9}},{"start":{},"end":{}}],"line":165},"29":{"loc":{"start":{"line":178,"column":16},"end":{"line":181,"column":17}},"type":"if","locations":[{"start":{"line":178,"column":16},"end":{"line":181,"column":17}},{"start":{},"end":{}}],"line":178},"30":{"loc":{"start":{"line":183,"column":16},"end":{"line":189,"column":17}},"type":"if","locations":[{"start":{"line":183,"column":16},"end":{"line":189,"column":17}},{"start":{"line":187,"column":21},"end":{"line":189,"column":17}}],"line":183},"31":{"loc":{"start":{"line":183,"column":20},"end":{"line":183,"column":61}},"type":"binary-expr","locations":[{"start":{"line":183,"column":20},"end":{"line":183,"column":33}},{"start":{"line":183,"column":37},"end":{"line":183,"column":61}}],"line":183},"32":{"loc":{"start":{"line":190,"column":16},"end":{"line":196,"column":17}},"type":"if","locations":[{"start":{"line":190,"column":16},"end":{"line":196,"column":17}},{"start":{"line":194,"column":21},"end":{"line":196,"column":17}}],"line":190},"33":{"loc":{"start":{"line":190,"column":20},"end":{"line":191,"column":96}},"type":"binary-expr","locations":[{"start":{"line":190,"column":20},"end":{"line":190,"column":52}},{"start":{"line":191,"column":20},"end":{"line":191,"column":96}}],"line":190},"34":{"loc":{"start":{"line":208,"column":12},"end":{"line":210,"column":13}},"type":"if","locations":[{"start":{"line":208,"column":12},"end":{"line":210,"column":13}},{"start":{},"end":{}}],"line":208},"35":{"loc":{"start":{"line":229,"column":8},"end":{"line":235,"column":9}},"type":"if","locations":[{"start":{"line":229,"column":8},"end":{"line":235,"column":9}},{"start":{"line":233,"column":13},"end":{"line":235,"column":9}}],"line":229},"36":{"loc":{"start":{"line":241,"column":4},"end":{"line":243,"column":5}},"type":"if","locations":[{"start":{"line":241,"column":4},"end":{"line":243,"column":5}},{"start":{},"end":{}}],"line":241},"37":{"loc":{"start":{"line":247,"column":4},"end":{"line":249,"column":5}},"type":"if","locations":[{"start":{"line":247,"column":4},"end":{"line":249,"column":5}},{"start":{},"end":{}}],"line":247},"38":{"loc":{"start":{"line":252,"column":4},"end":{"line":260,"column":5}},"type":"if","locations":[{"start":{"line":252,"column":4},"end":{"line":260,"column":5}},{"start":{},"end":{}}],"line":252},"39":{"loc":{"start":{"line":269,"column":4},"end":{"line":271,"column":5}},"type":"if","locations":[{"start":{"line":269,"column":4},"end":{"line":271,"column":5}},{"start":{},"end":{}}],"line":269},"40":{"loc":{"start":{"line":275,"column":12},"end":{"line":278,"column":13}},"type":"if","locations":[{"start":{"line":275,"column":12},"end":{"line":278,"column":13}},{"start":{},"end":{}}],"line":275},"41":{"loc":{"start":{"line":284,"column":4},"end":{"line":286,"column":5}},"type":"if","locations":[{"start":{"line":284,"column":4},"end":{"line":286,"column":5}},{"start":{},"end":{}}],"line":284},"42":{"loc":{"start":{"line":291,"column":4},"end":{"line":301,"column":5}},"type":"if","locations":[{"start":{"line":291,"column":4},"end":{"line":301,"column":5}},{"start":{"line":299,"column":9},"end":{"line":301,"column":5}}],"line":291},"43":{"loc":{"start":{"line":305,"column":4},"end":{"line":307,"column":5}},"type":"if","locations":[{"start":{"line":305,"column":4},"end":{"line":307,"column":5}},{"start":{},"end":{}}],"line":305},"44":{"loc":{"start":{"line":311,"column":4},"end":{"line":313,"column":5}},"type":"if","locations":[{"start":{"line":311,"column":4},"end":{"line":313,"column":5}},{"start":{},"end":{}}],"line":311},"45":{"loc":{"start":{"line":315,"column":4},"end":{"line":318,"column":5}},"type":"if","locations":[{"start":{"line":315,"column":4},"end":{"line":318,"column":5}},{"start":{},"end":{}}],"line":315}},"s":{"0":0,"1":0,"2":0,"3":0,"4":0,"5":0,"6":0,"7":0,"8":0,"9":0,"10":0,"11":0,"12":0,"13":0,"14":0,"15":0,"16":0,"17":0,"18":0,"19":0,"20":0,"21":0,"22":0,"23":0,"24":0,"25":0,"26":0,"27":0,"28":0,"29":0,"30":0,"31":0,"32":0,"33":0,"34":0,"35":0,"36":0,"37":0,"38":0,"39":0,"40":0,"41":0,"42":0,"43":0,"44":0,"45":0,"46":0,"47":0,"48":0,"49":0,"50":0,"51":0,"52":0,"53":0,"54":0,"55":0,"56":0,"57":0,"58":0,"59":0,"60":0,"61":0,"62":0,"63":0,"64":0,"65":0,"66":0,"67":0,"68":0,"69":0,"70":0,"71":0,"72":0,"73":0,"74":0,"75":0,"76":0,"77":0,"78":0,"79":0,"80":0,"81":0,"82":0,"83":0,"84":0,"85":0,"86":0,"87":0,"88":0,"89":0,"90":0,"91":0,"92":0,"93":0,"94":0,"95":0,"96":0,"97":0,"98":0,"99":0,"100":0,"101":0,"102":0,"103":0,"104":0,"105":0,"106":0,"107":0,"108":0,"109":0,"110":0,"111":0,"112":0,"113":0,"114":0,"115":0,"116":0,"117":0,"118":0,"119":0,"120":0,"121":0,"122":0,"123":0,"124":0,"125":0,"126":0,"127":0,"128":0,"129":0,"130":0,"131":0,"132":0,"133":0,"134":0,"135":0,"136":0,"137":0,"138":0,"139":0,"140":0,"141":0,"142":0,"143":0,"144":0,"145":0,"146":0,"147":0,"148":0,"149":0,"150":0,"151":0,"152":0,"153":0,"154":0,"155":0,"156":0,"157":0,"158":0,"159":0,"160":0,"161":0,"162":0,"163":0,"164":0,"165":0,"166":0,"167":0,"168":0,"169":0,"170":0,"171":0,"172":0,"173":0,"174":0,"175":0,"176":0,"177":0,"178":0,"179":0,"180":0,"181":0,"182":0,"183":0,"184":0,"185":0,"186":0,"187":0,"188":0,"189":0,"190":0,"191":0,"192":0,"193":0,"194":0,"195":0,"196":0,"197":0,"198":0,"199":0,"200":0,"201":0,"202":0,"203":0,"204":0,"205":0,"206":0,"207":0,"208":0,"209":0,"210":0,"211":0},"f":{"0":0,"1":0,"2":0,"3":0,"4":0,"5":0,"6":0,"7":0,"8":0,"9":0,"10":0,"11":0,"12":0,"13":0,"14":0,"15":0,"16":0,"17":0,"18":0,"19":0,"20":0,"21":0,"22":0,"23":0,"24":0,"25":0,"26":0,"27":0,"28":0,"29":0,"30":0,"31":0,"32":0,"33":0,"34":0,"35":0,"36":0,"37":0,"38":0,"39":0},"b":{"0":[0,0,0],"1":[0,0],"2":[0,0],"3":[0,0],"4":[0,0],"5":[0,0],"6":[0,0],"7":[0,0],"8":[0,0,0],"9":[0,0],"10":[0,0,0],"11":[0,0],"12":[0,0],"13":[0,0],"14":[0,0],"15":[0,0],"16":[0,0],"17":[0,0],"18":[0,0],"19":[0,0],"20":[0,0],"21":[0,0],"22":[0,0],"23":[0,0],"24":[0,0],"25":[0,0],"26":[0,0],"27":[0],"28":[0,0],"29":[0,0],"30":[0,0],"31":[0,0],"32":[0,0],"33":[0,0],"34":[0,0],"35":[0,0],"36":[0,0],"37":[0,0],"38":[0,0],"39":[0,0],"40":[0,0],"41":[0,0],"42":[0,0],"43":[0,0],"44":[0,0],"45":[0,0]},"inputSourceMap":{"version":3,"file":"commands.js","sourceRoot":"","sources":["../../src/commands.ts"],"names":[],"mappings":";;;;;;;;;;;;;;;;;;;;;;;;;;;;;;;;;;;AA4PA,4CAkCC;AAED,0DAeC;AAED,4CAqBC;AAED,0DAyBC;AAjWD,+CAAiC;AACjC,qCAA4C;AAC5C,iDAAoD;AACpD,qCAAkC;AAClC,qCAA2E;AAC3E,2CAAoD;AAEpD,uCAAuC;AACvC,MAAM,YAAY,GAAG;IACnB,kBAAkB,CAAC,GAAe;QAChC,OAAO,MAAM,CAAC,SAAS,CAAC,kBAAkB,CAAC,GAAG,CAAC,CAAC;IAClD,CAAC;IAED,eAAe,CAAC,GAAe;QAC7B,OAAO,MAAM,CAAC,SAAS,CAAC,cAAc,CAAC,GAAG,CAAC,CAAC;IAC9C,CAAC;IAED,kBAAkB,EAAE,KAAK,WAAW,eAAuC,EAAE,UAAkB;QAC7F,MAAM,cAAc,GAAG,MAAM,CAAC,GAAG,CAAC,QAAQ,CAAC,eAAe,CAAC,GAAG,EAAE,UAAU,CAAC,CAAC;QAC5E,IAAI,CAAC;YACH,MAAM,OAAO,GAAG,MAAM,MAAM,CAAC,SAAS,CAAC,EAAE,CAAC,QAAQ,CAAC,cAAc,CAAC,CAAC;YACnE,OAAO,MAAM,CAAC,IAAI,CAAC,OAAO,CAAC;iBACxB,QAAQ,CAAC,MAAM,CAAC;iBAChB,KAAK,CAAC,IAAI,CAAC;iBACX,MAAM,CAAC,CAAC,IAAI,EAAE,EAAE,CAAC,IAAI,CAAC,IAAI,EAAE,KAAK,EAAE,IAAI,CAAC,IAAI,CAAC,UAAU,CAAC,GAAG,CAAC,CAAC,CAAC;QACnE,CAAC;QAAC,MAAM,CAAC;YACP,OAAO,EAAE,CAAC;QACZ,CAAC;IACH,CAAC;IAED,oBAAoB,EAAE,UAAU,YAAoB,EAAE,OAAe;QACnE,OAAO,YAAY,CAAC,UAAU,CAAC,OAAO,CAAC,IAAI,YAAY,KAAK,OAAO,CAAC;IACtE,CAAC;IAED,aAAa,EAAE,KAAK,WAAW,GAAe;QAC5C,MAAM,eAAe,GAAG,YAAY,CAAC,kBAAkB,CAAC,GAAG,CAAC,CAAC;QAC7D,IAAI,CAAC,eAAe,EAAE,CAAC;YACrB,OAAO,KAAK,CAAC;QACf,CAAC;QACD,MAAM,YAAY,GAAG,YAAY,CAAC,eAAe,CAAC,GAAG,CAAC,CAAC;QAEvD,MAAM,MAAM,GAAG,IAAA,yBAAgB,GAAE,CAAC;QAClC,MAAM,cAAc,GAAG,MAAM,CAAC,MAAM,CAAC;QAErC,KAAK,MAAM,OAAO,IAAI,cAAc,EAAE,CAAC;YACrC,IAAI,YAAY,CAAC,oBAAoB,CAAC,YAAY,EAAE,OAAO,CAAC,EAAE,CAAC;gBAC7D,OAAO,IAAI,CAAC;YACd,CAAC;QACH,CAAC;QAED,MAAM,WAAW,GAAG,CAAC,eAAe,EAAE,iBAAiB,CAAC,CAAC;QACzD,KAAK,MAAM,UAAU,IAAI,WAAW,EAAE,CAAC;YACrC,MAAM,YAAY,GAAG,MAAM,YAAY,CAAC,kBAAkB,CAAC,eAAe,EAAE,UAAU,CAAC,CAAC;YACxF,KAAK,MAAM,OAAO,IAAI,YAAY,EAAE,CAAC;gBACnC,IAAI,YAAY,CAAC,oBAAoB,CAAC,YAAY,EAAE,OAAO,CAAC,EAAE,CAAC;oBAC7D,OAAO,IAAI,CAAC;gBACd,CAAC;YACH,CAAC;QACH,CAAC;QACD,OAAO,KAAK,CAAC;IACf,CAAC;IAED,kBAAkB,EAAE,UAAU,WAAmB,EAAE,eAAuB;QACxE,OAAO,WAAW,CAAC,QAAQ,CAAC,eAAe,CAAC,IAAI,EAAE,CAAC,CAAC;IACtD,CAAC;IAED,qBAAqB,EAAE,KAAK,WAC1B,GAAwB,EACxB,KAAwD,EACxD,2BAAmC;QAEnC,IAAI,CAAC,2BAA2B,EAAE,CAAC;YACjC,OAAO,KAAK,CAAC;QACf,CAAC;QACD,MAAM,WAAW,GAAG,GAAG,CAAC,OAAO,EAAE,CAAC;QAClC,IAAI,YAAY,CAAC,kBAAkB,CAAC,WAAW,EAAE,2BAA2B,CAAC,EAAE,CAAC;YAC9E,OAAO,KAAK,CAAC;QACf,CAAC;QACD,MAAM,UAAU,GAAG,EAAE,SAAS,EAAE,IAAI,MAAM,CAAC,QAAQ,CAAC,CAAC,EAAE,CAAC,CAAC,EAAE,OAAO,EAAE,2BAA2B,GAAG,IAAI,EAAE,CAAC;QACzG,OAAO,CAAC,UAAU,EAAE,GAAG,KAAK,CAAC,CAAC;IAChC,CAAC;IAED,mBAAmB,EAAE,UACnB,MAAyB,EACzB,KAAwD;QAExD,MAAM,aAAa,GAAG,IAAI,MAAM,CAAC,aAAa,EAAE,CAAC;QACjD,KAAK,CAAC,OAAO,CAAC,CAAC,IAAI,EAAE,EAAE;YACrB,aAAa,CAAC,MAAM,CAAC,MAAM,CAAC,QAAQ,CAAC,GAAG,EAAE,IAAI,CAAC,SAAS,EAAE,IAAI,CAAC,OAAO,GAAG,IAAI,CAAC,CAAC;QACjF,CAAC,CAAC,CAAC;QACH,OAAO,aAAa,CAAC;IACvB,CAAC;IAED,WAAW,EAAE,KAAK,WAAW,MAAyB,EAAE,KAAwD;QAC9G,MAAM,MAAM,CAAC,IAAI,CAAC,CAAC,WAAW,EAAE,EAAE;YAChC,KAAK,CAAC,OAAO,CAAC,CAAC,IAAI,EAAE,EAAE;gBACrB,WAAW,CAAC,MAAM,CAAC,IAAI,CAAC,SAAS,EAAE,IAAI,CAAC,OAAO,GAAG,IAAI,CAAC,CAAC;YAC1D,CAAC,CAAC,CAAC;QACL,CAAC,CAAC,CAAC;IACL,CAAC;IAED,qBAAqB,EAAE,KAAK,WAC1B,MAAyB,EACzB,KAAwD;QAExD,MAAM,UAAU,GAAG,MAAM,CAAC,GAAG,CAAC,KAAK,CAAC,WAAW,GAAG,MAAM,CAAC,QAAQ,CAAC,QAAQ,GAAG,UAAU,CAAC,CAAC;QACzF,MAAM,OAAO,GAAG,MAAM,MAAM,CAAC,SAAS,CAAC,gBAAgB,CAAC,UAAU,CAAC,CAAC;QACpE,MAAM,UAAU,GAAG,MAAM,MAAM,CAAC,MAAM,CAAC,gBAAgB,CAAC,OAAO,EAAE,EAAE,OAAO,EAAE,IAAI,EAAE,CAAC,CAAC;QACpF,MAAM,YAAY,CAAC,WAAW,CAAC,UAAU,EAAE,KAAK,CAAC,CAAC;QAClD,MAAM,MAAM,CAAC,QAAQ,CAAC,cAAc,CAClC,aAAa,EACb,MAAM,CAAC,QAAQ,CAAC,GAAG,EACnB,UAAU,EACV,YAAY,MAAM,CAAC,QAAQ,CAAC,QAAQ,EAAE,CACvC,CAAC;QACF,MAAM,YAAY,GAAG,MAAM,MAAM,CAAC,MAAM,CAAC,sBAAsB,CAC7D,sBAAsB,EACtB,EAAE,KAAK,EAAE,IAAI,EAAE,EACf,KAAK,EACL,IAAI,CACL,CAAC;QACF,OAAO,YAAY,KAAK,KAAK,CAAC;IAChC,CAAC;IAED,qBAAqB,EAAE,KAAK,WAC1B,MAAyB,EACzB,KAAwD,EACxD,WAAoB;QAEpB,IAAI,KAAK,CAAC,MAAM,KAAK,CAAC,EAAE,CAAC;YACvB,OAAO;QACT,CAAC;QACD,MAAM,aAAa,GAAG,YAAY,CAAC,mBAAmB,CAAC,MAAM,EAAE,KAAK,CAAC,CAAC;QACtE,IAAI,WAAW,EAAE,CAAC;YAChB,MAAM,SAAS,GAAG,MAAM,YAAY,CAAC,qBAAqB,CAAC,MAAM,EAAE,KAAK,CAAC,CAAC;YAC1E,IAAI,SAAS,EAAE,CAAC;gBACd,MAAM,MAAM,CAAC,SAAS,CAAC,SAAS,CAAC,aAAa,CAAC,CAAC;YAClD,CAAC;iBAAM,CAAC;gBACN,eAAM,CAAC,IAAI,CAAC,0BAA0B,CAAC,CAAC;YAC1C,CAAC;YACD,MAAM,MAAM,CAAC,QAAQ,CAAC,cAAc,CAAC,oCAAoC,CAAC,CAAC;QAC7E,CAAC;aAAM,CAAC;YACN,MAAM,YAAY,CAAC,WAAW,CAAC,MAAM,EAAE,KAAK,CAAC,CAAC;QAChD,CAAC;IACH,CAAC;IAED,cAAc,EAAE,UAAU,GAAwB,EAAE,SAA0B,EAAE,QAAgB,CAAC;QAC/F,MAAM,SAAS,GAAG,IAAI,CAAC,GAAG,CAAC,CAAC,EAAE,SAAS,CAAC,IAAI,GAAG,KAAK,CAAC,CAAC;QACtD,MAAM,OAAO,GAAG,IAAI,CAAC,GAAG,CAAC,GAAG,CAAC,SAAS,GAAG,CAAC,EAAE,SAAS,CAAC,IAAI,GAAG,KAAK,CAAC,CAAC;QACpE,MAAM,KAAK,GAAa,EAAE,CAAC;QAC3B,KAAK,IAAI,CAAC,GAAG,SAAS,EAAE,CAAC,IAAI,OAAO,EAAE,CAAC,EAAE,EAAE,CAAC;YAC1C,KAAK,CAAC,IAAI,CAAC,GAAG,CAAC,MAAM,CAAC,CAAC,CAAC,CAAC,IAAI,CAAC,IAAI,EAAE,CAAC,CAAC;QACxC,CAAC;QACD,OAAO,KAAK,CAAC;IACf,CAAC;IAED,cAAc,EAAE,UAAU,GAAwB,EAAE,SAA0B,EAAE,OAAe;QAC7F,MAAM,KAAK,GAAG,YAAY,CAAC,cAAc,CAAC,GAAG,EAAE,SAAS,CAAC,CAAC;QAC1D,OAAO,KAAK,CAAC,IAAI,CAAC,CAAC,QAAQ,EAAE,EAAE,CAAC,QAAQ,KAAK,OAAO,CAAC,IAAI,EAAE,CAAC,CAAC;IAC/D,CAAC;IAED,qBAAqB,EAAE,KAAK,WAAW,GAAwB;QAC7D,MAAM,SAAS,GAAG,MAAM,YAAY,CAAC,aAAa,CAAC,GAAG,CAAC,GAAG,CAAC,CAAC;QAC5D,IAAI,SAAS,EAAE,CAAC;YACd,eAAM,CAAC,IAAI,CAAC,6EAA6E,CAAC,CAAC;YAC3F,OAAO,IAAI,CAAC;QACd,CAAC;QACD,OAAO,KAAK,CAAC;IACf,CAAC;IAED,qBAAqB,EAAE,KAAK,WAC1B,MAAyB,EACzB,IAAY,EACZ,QAAgB,EAChB,aAAiD;QAEjD,MAAM,KAAK,GAAsD,EAAE,CAAC;QACpE,MAAM,MAAM,GAAG,IAAA,yBAAgB,GAAE,CAAC;QAClC,KAAK,MAAM,SAAS,IAAI,MAAM,CAAC,UAAU,EAAE,CAAC;YAC1C,MAAM,MAAM,GAAG,SAAS,CAAC,MAAM,CAAC;YAChC,IAAI,CAAC;gBACH,MAAM,WAAW,GAAG,IAAA,iCAAwB,EAAC,IAAI,EAAE,MAAM,EAAE,MAAM,CAAC,QAAQ,CAAC,CAAC;gBAC5E,IAAI,CAAC,WAAW,EAAE,CAAC;oBACjB,eAAM,CAAC,IAAI,CAAC,qCAAqC,EAAE,EAAE,GAAG,EAAE,MAAM,CAAC,QAAQ,EAAE,MAAM,EAAE,IAAI,EAAE,QAAQ,EAAE,CAAC,CAAC;oBACrG,SAAS;gBACX,CAAC;gBACD,IAAI,OAAe,CAAC;gBACpB,IAAI,aAAa,IAAI,aAAa,CAAC,MAAM,GAAG,CAAC,EAAE,CAAC;oBAC9C,MAAM,cAAc,GAAG,aAAa,CAAC,GAAG,CAAC,CAAC,IAAI,EAAE,EAAE,CAAC,IAAI,CAAC,KAAK,CAAC,CAAC;oBAC/D,OAAO,GAAG,IAAA,iCAAkB,EAAC,WAAW,EAAE,QAAQ,EAAE,cAAc,CAAC,CAAC;gBACtE,CAAC;qBAAM,CAAC;oBACN,OAAO,GAAG,IAAA,iCAAkB,EAAC,WAAW,EAAE,QAAQ,CAAC,CAAC;gBACtD,CAAC;gBACD,IACE,MAAM,CAAC,yBAAyB;oBAChC,YAAY,CAAC,cAAc,CAAC,MAAM,CAAC,QAAQ,EAAE,WAAW,CAAC,SAAS,EAAE,OAAO,CAAC,EAC5E,CAAC;oBACD,eAAM,CAAC,IAAI,CAAC,mCAAmC,EAAE,EAAE,OAAO,EAAE,CAAC,CAAC;gBAChE,CAAC;qBAAM,CAAC;oBACN,KAAK,CAAC,IAAI,CAAC,EAAE,SAAS,EAAE,WAAW,CAAC,SAAS,EAAE,OAAO,EAAE,CAAC,CAAC;gBAC5D,CAAC;YACH,CAAC;YAAC,OAAO,GAAG,EAAE,CAAC;gBACb,eAAM,CAAC,KAAK,CAAC,iCAAiC,GAAI,GAAa,CAAC,OAAO,CAAC,CAAC;YAC3E,CAAC;QACH,CAAC;QACD,OAAO,KAAK,CAAC;IACf,CAAC;IAED,gBAAgB,EAAE,UAAU,GAAwB,EAAE,MAAc;QAClE,MAAM,aAAa,GAAmB,EAAE,CAAC;QACzC,KAAK,IAAI,CAAC,GAAG,CAAC,EAAE,CAAC,GAAG,GAAG,CAAC,SAAS,EAAE,CAAC,EAAE,EAAE,CAAC;YACvC,MAAM,IAAI,GAAG,GAAG,CAAC,MAAM,CAAC,CAAC,CAAC,CAAC;YAC3B,IAAI,IAAI,CAAC,IAAI,CAAC,QAAQ,CAAC,MAAM,CAAC,EAAE,CAAC;gBAC/B,aAAa,CAAC,IAAI,CAAC,IAAI,CAAC,uBAAuB,CAAC,CAAC;YACnD,CAAC;QACH,CAAC;QACD,OAAO,aAAa,CAAC;IACvB,CAAC;IAED,2BAA2B,EAAE,UAC3B,gBAAuB,EACvB,QAAgB;QAEhB,MAAM,KAAK,GAAsD,EAAE,CAAC;QACpE,KAAK,MAAM,OAAO,IAAI,gBAAgB,EAAE,CAAC;YACvC,IAAI,CAAC;gBACH,MAAM,OAAO,GAAG,IAAA,iCAAkB,EAAC,OAAO,EAAE,QAAQ,CAAC,CAAC;gBACtD,KAAK,CAAC,IAAI,CAAC,EAAE,SAAS,EAAE,OAAO,CAAC,SAAS,EAAE,OAAO,EAAE,CAAC,CAAC;YACxD,CAAC;YAAC,OAAO,GAAG,EAAE,CAAC;gBACb,eAAM,CAAC,KAAK,CAAC,8CAA8C,OAAO,CAAC,IAAI,IAAI,GAAI,GAAa,CAAC,OAAO,CAAC,CAAC;YACxG,CAAC;QACH,CAAC;QACD,OAAO,KAAK,CAAC;IACf,CAAC;IAED,4BAA4B,EAAE,KAAK,WACjC,MAAyB,EACzB,GAAwB,EACxB,KAAwD,EACxD,MAAW;QAEX,MAAM,UAAU,GAAG,MAAM,YAAY,CAAC,qBAAqB,CAAC,GAAG,EAAE,KAAK,EAAE,MAAM,CAAC,2BAA2B,CAAC,CAAC;QAC5G,IAAI,UAAU,CAAC,MAAM,GAAG,CAAC,EAAE,CAAC;YAC1B,MAAM,YAAY,CAAC,qBAAqB,CAAC,MAAM,EAAE,UAAU,EAAE,MAAM,CAAC,WAAW,CAAC,CAAC;YACjF,eAAM,CAAC,IAAI,CAAC,qBAAqB,UAAU,CAAC,MAAM,wBAAwB,CAAC,CAAC;QAC9E,CAAC;aAAM,CAAC;YACN,eAAM,CAAC,IAAI,CAAC,kEAAkE,CAAC,CAAC;QAClF,CAAC;IACH,CAAC;CACF,CAAC;AAEF,0BAA0B;AACnB,KAAK,UAAU,gBAAgB;IACpC,MAAM,MAAM,GAAG,MAAM,CAAC,MAAM,CAAC,gBAAgB,CAAC;IAC9C,IAAI,CAAC,MAAM,EAAE,CAAC;QACZ,OAAO;IACT,CAAC;IAED,MAAM,GAAG,GAAG,MAAM,CAAC,QAAQ,CAAC;IAC5B,MAAM,IAAI,GAAG,GAAG,CAAC,OAAO,EAAE,CAAC;IAC3B,MAAM,QAAQ,GAAG,MAAM,CAAC,SAAS,CAAC,cAAc,CAAC,GAAG,CAAC,GAAG,CAAC,CAAC;IAE1D,IAAI,MAAM,YAAY,CAAC,qBAAqB,CAAC,GAAG,CAAC,EAAE,CAAC;QAClD,OAAO;IACT,CAAC;IAED,MAAM,WAAW,GAAG,MAAM,CAAC,UAAU,CAAC,CAAC,CAAC,CAAC,MAAM,CAAC;IAChD,MAAM,gBAAgB,GAAG,IAAA,iCAAwB,EAAC,IAAI,EAAE,WAAW,EAAE,GAAG,CAAC,CAAC;IAE1E,IAAI,CAAC,gBAAgB,EAAE,CAAC;QACtB,eAAM,CAAC,IAAI,CAAC,yDAAyD,EAAE;YACrE,GAAG;YACH,MAAM,EAAE,WAAW;YACnB,IAAI;YACJ,QAAQ;SACT,CAAC,CAAC;QACH,OAAO;IACT,CAAC;IAED,MAAM,aAAa,GAAG,MAAM,IAAA,iCAAqB,EAAC,gBAAgB,CAAC,CAAC;IAEpE,MAAM,KAAK,GAAG,MAAM,YAAY,CAAC,qBAAqB,CAAC,MAAM,EAAE,IAAI,EAAE,QAAQ,EAAE,aAAa,CAAC,CAAC;IAE9F,MAAM,MAAM,GAAG,IAAA,yBAAgB,GAAE,CAAC;IAClC,MAAM,UAAU,GAAG,MAAM,YAAY,CAAC,qBAAqB,CAAC,GAAG,EAAE,KAAK,EAAE,MAAM,CAAC,2BAA2B,CAAC,CAAC;IAC5G,MAAM,YAAY,CAAC,qBAAqB,CAAC,MAAM,EAAE,UAAU,EAAE,MAAM,CAAC,WAAW,CAAC,CAAC;AACnF,CAAC;AAEM,KAAK,UAAU,uBAAuB;IAC3C,MAAM,MAAM,GAAG,MAAM,CAAC,MAAM,CAAC,gBAAgB,CAAC;IAC9C,IAAI,CAAC,MAAM,EAAE,CAAC;QACZ,OAAO;IACT,CAAC;IAED,MAAM,MAAM,CAAC,IAAI,CAAC,CAAC,WAAW,EAAE,EAAE;QAChC,KAAK,MAAM,SAAS,IAAI,MAAM,CAAC,UAAU,EAAE,CAAC;YAC1C,MAAM,YAAY,GAAG,MAAM,CAAC,QAAQ,CAAC,OAAO,CAAC,SAAS,CAAC,CAAC;YACxD,IAAI,YAAY,EAAE,CAAC;gBACjB,MAAM,OAAO,GAAG,iBAAiB,YAAY,MAAM,CAAC;gBACpD,WAAW,CAAC,OAAO,CAAC,SAAS,EAAE,OAAO,CAAC,CAAC;YAC1C,CAAC;QACH,CAAC;IACH,CAAC,CAAC,CAAC;AACL,CAAC;AAEM,KAAK,UAAU,gBAAgB;IACpC,MAAM,MAAM,GAAG,MAAM,CAAC,MAAM,CAAC,gBAAgB,CAAC;IAC9C,IAAI,CAAC,MAAM,EAAE,CAAC;QACZ,OAAO;IACT,CAAC;IAED,MAAM,GAAG,GAAG,MAAM,CAAC,QAAQ,CAAC;IAC5B,MAAM,MAAM,GAAG,IAAA,yBAAgB,GAAE,CAAC;IAClC,MAAM,MAAM,GAAG,MAAM,CAAC,MAAM,CAAC;IAE7B,MAAM,aAAa,GAAG,YAAY,CAAC,gBAAgB,CAAC,GAAG,EAAE,MAAM,CAAC,CAAC;IACjE,IAAI,aAAa,CAAC,MAAM,GAAG,CAAC,EAAE,CAAC;QAC7B,MAAM,MAAM,CAAC,IAAI,CAAC,CAAC,WAAW,EAAE,EAAE;YAChC,aAAa,CAAC,OAAO,CAAC,CAAC,KAAK,EAAE,EAAE;gBAC9B,WAAW,CAAC,MAAM,CAAC,KAAK,CAAC,CAAC;YAC5B,CAAC,CAAC,CAAC;QACL,CAAC,CAAC,CAAC;QACH,eAAM,CAAC,IAAI,CAAC,WAAW,aAAa,CAAC,MAAM,mBAAmB,CAAC,CAAC;IAClE,CAAC;SAAM,CAAC;QACN,eAAM,CAAC,IAAI,CAAC,oCAAoC,CAAC,CAAC;IACpD,CAAC;AACH,CAAC;AAEM,KAAK,UAAU,uBAAuB;IAC3C,MAAM,MAAM,GAAG,MAAM,CAAC,MAAM,CAAC,gBAAgB,CAAC;IAC9C,IAAI,CAAC,MAAM,EAAE,CAAC;QACZ,OAAO;IACT,CAAC;IAED,MAAM,GAAG,GAAG,MAAM,CAAC,QAAQ,CAAC;IAC5B,MAAM,IAAI,GAAG,GAAG,CAAC,OAAO,EAAE,CAAC;IAC3B,MAAM,QAAQ,GAAG,MAAM,CAAC,SAAS,CAAC,cAAc,CAAC,GAAG,CAAC,GAAG,CAAC,CAAC;IAE1D,IAAI,MAAM,YAAY,CAAC,qBAAqB,CAAC,GAAG,CAAC,EAAE,CAAC;QAClD,OAAO;IACT,CAAC;IAED,MAAM,gBAAgB,GAAG,IAAA,8BAAqB,EAAC,IAAI,EAAE,GAAG,CAAC,CAAC;IAE1D,IAAI,gBAAgB,CAAC,MAAM,KAAK,CAAC,EAAE,CAAC;QAClC,eAAM,CAAC,IAAI,CAAC,sDAAsD,CAAC,CAAC;QACpE,OAAO;IACT,CAAC;IAED,MAAM,KAAK,GAAG,YAAY,CAAC,2BAA2B,CAAC,gBAAgB,EAAE,QAAQ,CAAC,CAAC;IAEnF,MAAM,MAAM,GAAG,IAAA,yBAAgB,GAAE,CAAC;IAClC,MAAM,YAAY,CAAC,4BAA4B,CAAC,MAAM,EAAE,GAAG,EAAE,KAAK,EAAE,MAAM,CAAC,CAAC;AAC9E,CAAC"},"all":true},"C:\\mouli\\vscodeExtensions\\moulin-dev-console-log\\out\\src\\config.js":{"path":"C:\\mouli\\vscodeExtensions\\moulin-dev-console-log\\out\\src\\config.js","statementMap":{"0":{"start":{"line":2,"column":22},"end":{"line":12,"column":3}},"1":{"start":{"line":3,"column":4},"end":{"line":3,"column":33}},"2":{"start":{"line":3,"column":26},"end":{"line":3,"column":33}},"3":{"start":{"line":4,"column":15},"end":{"line":4,"column":52}},"4":{"start":{"line":5,"column":4},"end":{"line":7,"column":5}},"5":{"start":{"line":6,"column":6},"end":{"line":6,"column":68}},"6":{"start":{"line":6,"column":51},"end":{"line":6,"column":63}},"7":{"start":{"line":8,"column":4},"end":{"line":8,"column":39}},"8":{"start":{"line":10,"column":4},"end":{"line":10,"column":33}},"9":{"start":{"line":10,"column":26},"end":{"line":10,"column":33}},"10":{"start":{"line":11,"column":4},"end":{"line":11,"column":17}},"11":{"start":{"line":13,"column":25},"end":{"line":17,"column":2}},"12":{"start":{"line":14,"column":4},"end":{"line":14,"column":72}},"13":{"start":{"line":16,"column":4},"end":{"line":16,"column":21}},"14":{"start":{"line":18,"column":19},"end":{"line":34,"column":4}},"15":{"start":{"line":19,"column":18},"end":{"line":26,"column":5}},"16":{"start":{"line":20,"column":8},"end":{"line":24,"column":10}},"17":{"start":{"line":21,"column":21},"end":{"line":21,"column":23}},"18":{"start":{"line":22,"column":12},"end":{"line":22,"column":95}},"19":{"start":{"line":22,"column":29},"end":{"line":22,"column":95}},"20":{"start":{"line":22,"column":77},"end":{"line":22,"column":95}},"21":{"start":{"line":23,"column":12},"end":{"line":23,"column":22}},"22":{"start":{"line":25,"column":8},"end":{"line":25,"column":26}},"23":{"start":{"line":27,"column":4},"end":{"line":33,"column":6}},"24":{"start":{"line":28,"column":8},"end":{"line":28,"column":46}},"25":{"start":{"line":28,"column":35},"end":{"line":28,"column":46}},"26":{"start":{"line":29,"column":21},"end":{"line":29,"column":23}},"27":{"start":{"line":30,"column":8},"end":{"line":30,"column":137}},"28":{"start":{"line":30,"column":25},"end":{"line":30,"column":137}},"29":{"start":{"line":30,"column":38},"end":{"line":30,"column":50}},"30":{"start":{"line":30,"column":56},"end":{"line":30,"column":57}},"31":{"start":{"line":30,"column":78},"end":{"line":30,"column":137}},"32":{"start":{"line":30,"column":102},"end":{"line":30,"column":137}},"33":{"start":{"line":31,"column":8},"end":{"line":31,"column":40}},"34":{"start":{"line":32,"column":8},"end":{"line":32,"column":22}},"35":{"start":{"line":35,"column":0},"end":{"line":35,"column":62}},"36":{"start":{"line":36,"column":0},"end":{"line":36,"column":34}},"37":{"start":{"line":37,"column":0},"end":{"line":37,"column":44}},"38":{"start":{"line":38,"column":0},"end":{"line":38,"column":48}},"39":{"start":{"line":39,"column":0},"end":{"line":39,"column":60}},"40":{"start":{"line":40,"column":15},"end":{"line":40,"column":46}},"41":{"start":{"line":42,"column":30},"end":{"line":64,"column":1}},"42":{"start":{"line":43,"column":19},"end":{"line":43,"column":76}},"43":{"start":{"line":44,"column":4},"end":{"line":63,"column":6}},"44":{"start":{"line":66,"column":0},"end":{"line":66,"column":51}},"45":{"start":{"line":69,"column":4},"end":{"line":69,"column":41}},"46":{"start":{"line":73,"column":4},"end":{"line":73,"column":55}},"47":{"start":{"line":76,"column":4},"end":{"line":76,"column":86}}},"fnMap":{"0":{"name":"(anonymous_0)","decl":{"start":{"line":2,"column":74},"end":{"line":2,"column":75}},"loc":{"start":{"line":2,"column":96},"end":{"line":9,"column":1}},"line":2},"1":{"name":"(anonymous_1)","decl":{"start":{"line":6,"column":38},"end":{"line":6,"column":39}},"loc":{"start":{"line":6,"column":49},"end":{"line":6,"column":65}},"line":6},"2":{"name":"(anonymous_2)","decl":{"start":{"line":9,"column":6},"end":{"line":9,"column":7}},"loc":{"start":{"line":9,"column":28},"end":{"line":12,"column":1}},"line":9},"3":{"name":"(anonymous_3)","decl":{"start":{"line":13,"column":80},"end":{"line":13,"column":81}},"loc":{"start":{"line":13,"column":95},"end":{"line":15,"column":1}},"line":13},"4":{"name":"(anonymous_4)","decl":{"start":{"line":15,"column":5},"end":{"line":15,"column":6}},"loc":{"start":{"line":15,"column":20},"end":{"line":17,"column":1}},"line":15},"5":{"name":"(anonymous_5)","decl":{"start":{"line":18,"column":51},"end":{"line":18,"column":52}},"loc":{"start":{"line":18,"column":63},"end":{"line":34,"column":1}},"line":18},"6":{"name":"(anonymous_6)","decl":{"start":{"line":19,"column":18},"end":{"line":19,"column":19}},"loc":{"start":{"line":19,"column":30},"end":{"line":26,"column":5}},"line":19},"7":{"name":"(anonymous_7)","decl":{"start":{"line":20,"column":48},"end":{"line":20,"column":49}},"loc":{"start":{"line":20,"column":61},"end":{"line":24,"column":9}},"line":20},"8":{"name":"(anonymous_8)","decl":{"start":{"line":27,"column":11},"end":{"line":27,"column":12}},"loc":{"start":{"line":27,"column":26},"end":{"line":33,"column":5}},"line":27},"9":{"name":"(anonymous_9)","decl":{"start":{"line":42,"column":30},"end":{"line":42,"column":31}},"loc":{"start":{"line":42,"column":36},"end":{"line":64,"column":1}},"line":42},"10":{"name":"setConfiguration","decl":{"start":{"line":68,"column":9},"end":{"line":68,"column":25}},"loc":{"start":{"line":68,"column":37},"end":{"line":70,"column":1}},"line":68},"11":{"name":"resetConfiguration","decl":{"start":{"line":72,"column":9},"end":{"line":72,"column":27}},"loc":{"start":{"line":72,"column":30},"end":{"line":74,"column":1}},"line":72},"12":{"name":"onDidChangeConfiguration","decl":{"start":{"line":75,"column":9},"end":{"line":75,"column":33}},"loc":{"start":{"line":75,"column":67},"end":{"line":77,"column":1}},"line":75}},"branchMap":{"0":{"loc":{"start":{"line":2,"column":22},"end":{"line":12,"column":3}},"type":"binary-expr","locations":[{"start":{"line":2,"column":23},"end":{"line":2,"column":27}},{"start":{"line":2,"column":31},"end":{"line":2,"column":51}},{"start":{"line":2,"column":57},"end":{"line":12,"column":2}}],"line":2},"1":{"loc":{"start":{"line":2,"column":57},"end":{"line":12,"column":2}},"type":"cond-expr","locations":[{"start":{"line":2,"column":74},"end":{"line":9,"column":1}},{"start":{"line":9,"column":6},"end":{"line":12,"column":1}}],"line":2},"2":{"loc":{"start":{"line":3,"column":4},"end":{"line":3,"column":33}},"type":"if","locations":[{"start":{"line":3,"column":4},"end":{"line":3,"column":33}},{"start":{},"end":{}}],"line":3},"3":{"loc":{"start":{"line":5,"column":4},"end":{"line":7,"column":5}},"type":"if","locations":[{"start":{"line":5,"column":4},"end":{"line":7,"column":5}},{"start":{},"end":{}}],"line":5},"4":{"loc":{"start":{"line":5,"column":8},"end":{"line":5,"column":85}},"type":"binary-expr","locations":[{"start":{"line":5,"column":8},"end":{"line":5,"column":13}},{"start":{"line":5,"column":18},"end":{"line":5,"column":84}}],"line":5},"5":{"loc":{"start":{"line":5,"column":18},"end":{"line":5,"column":84}},"type":"cond-expr","locations":[{"start":{"line":5,"column":34},"end":{"line":5,"column":47}},{"start":{"line":5,"column":50},"end":{"line":5,"column":84}}],"line":5},"6":{"loc":{"start":{"line":5,"column":50},"end":{"line":5,"column":84}},"type":"binary-expr","locations":[{"start":{"line":5,"column":50},"end":{"line":5,"column":63}},{"start":{"line":5,"column":67},"end":{"line":5,"column":84}}],"line":5},"7":{"loc":{"start":{"line":10,"column":4},"end":{"line":10,"column":33}},"type":"if","locations":[{"start":{"line":10,"column":4},"end":{"line":10,"column":33}},{"start":{},"end":{}}],"line":10},"8":{"loc":{"start":{"line":13,"column":25},"end":{"line":17,"column":2}},"type":"binary-expr","locations":[{"start":{"line":13,"column":26},"end":{"line":13,"column":30}},{"start":{"line":13,"column":34},"end":{"line":13,"column":57}},{"start":{"line":13,"column":63},"end":{"line":17,"column":1}}],"line":13},"9":{"loc":{"start":{"line":13,"column":63},"end":{"line":17,"column":1}},"type":"cond-expr","locations":[{"start":{"line":13,"column":80},"end":{"line":15,"column":1}},{"start":{"line":15,"column":5},"end":{"line":17,"column":1}}],"line":13},"10":{"loc":{"start":{"line":18,"column":19},"end":{"line":34,"column":4}},"type":"binary-expr","locations":[{"start":{"line":18,"column":20},"end":{"line":18,"column":24}},{"start":{"line":18,"column":28},"end":{"line":18,"column":45}},{"start":{"line":18,"column":50},"end":{"line":34,"column":4}}],"line":18},"11":{"loc":{"start":{"line":20,"column":18},"end":{"line":24,"column":9}},"type":"binary-expr","locations":[{"start":{"line":20,"column":18},"end":{"line":20,"column":44}},{"start":{"line":20,"column":48},"end":{"line":24,"column":9}}],"line":20},"12":{"loc":{"start":{"line":22,"column":29},"end":{"line":22,"column":95}},"type":"if","locations":[{"start":{"line":22,"column":29},"end":{"line":22,"column":95}},{"start":{},"end":{}}],"line":22},"13":{"loc":{"start":{"line":28,"column":8},"end":{"line":28,"column":46}},"type":"if","locations":[{"start":{"line":28,"column":8},"end":{"line":28,"column":46}},{"start":{},"end":{}}],"line":28},"14":{"loc":{"start":{"line":28,"column":12},"end":{"line":28,"column":33}},"type":"binary-expr","locations":[{"start":{"line":28,"column":12},"end":{"line":28,"column":15}},{"start":{"line":28,"column":19},"end":{"line":28,"column":33}}],"line":28},"15":{"loc":{"start":{"line":30,"column":8},"end":{"line":30,"column":137}},"type":"if","locations":[{"start":{"line":30,"column":8},"end":{"line":30,"column":137}},{"start":{},"end":{}}],"line":30},"16":{"loc":{"start":{"line":30,"column":78},"end":{"line":30,"column":137}},"type":"if","locations":[{"start":{"line":30,"column":78},"end":{"line":30,"column":137}},{"start":{},"end":{}}],"line":30}},"s":{"0":0,"1":0,"2":0,"3":0,"4":0,"5":0,"6":0,"7":0,"8":0,"9":0,"10":0,"11":0,"12":0,"13":0,"14":0,"15":0,"16":0,"17":0,"18":0,"19":0,"20":0,"21":0,"22":0,"23":0,"24":0,"25":0,"26":0,"27":0,"28":0,"29":0,"30":0,"31":0,"32":0,"33":0,"34":0,"35":0,"36":0,"37":0,"38":0,"39":0,"40":0,"41":0,"42":0,"43":0,"44":0,"45":0,"46":0,"47":0},"f":{"0":0,"1":0,"2":0,"3":0,"4":0,"5":0,"6":0,"7":0,"8":0,"9":0,"10":0,"11":0,"12":0},"b":{"0":[0,0,0],"1":[0,0],"2":[0,0],"3":[0,0],"4":[0,0],"5":[0,0],"6":[0,0],"7":[0,0],"8":[0,0,0],"9":[0,0],"10":[0,0,0],"11":[0,0],"12":[0,0],"13":[0,0],"14":[0,0],"15":[0,0],"16":[0,0]},"inputSourceMap":{"version":3,"file":"config.js","sourceRoot":"","sources":["../../src/config.ts"],"names":[],"mappings":";;;;;;;;;;;;;;;;;;;;;;;;;;;;;;;;;;;;AAsDA,4CAEC;AAGD,gDAEC;AAED,4DAMC;AArED,+CAAiC;AAyBjC,yBAAyB;AACzB,IAAI,uBAAuB,GAAG,GAAoB,EAAE;IAClD,MAAM,MAAM,GAAG,MAAM,CAAC,SAAS,CAAC,gBAAgB,CAAC,sBAAsB,CAAC,CAAC;IACzE,OAAO;QACL,WAAW,EAAE,MAAM,CAAC,GAAG,CAAS,aAAa,EAAE,iCAAiC,CAAC;QACjF,QAAQ,EAAE,MAAM,CAAC,GAAG,CAAS,UAAU,EAAE,KAAK,CAAC;QAC/C,QAAQ,EAAE,MAAM,CAAC,GAAG,CAAW,UAAU,EAAE,CAAC,OAAO,EAAE,OAAO,EAAE,MAAM,EAAE,SAAS,EAAE,UAAU,EAAE,QAAQ,CAAC,CAAC;QACvG,WAAW,EAAE,MAAM,CAAC,GAAG,CAAU,aAAa,EAAE,KAAK,CAAC;QACtD,WAAW,EAAE,MAAM,CAAC,GAAG,CAAS,aAAa,EAAE,SAAS,CAAC;QACzD,wBAAwB,EAAE,MAAM,CAAC,GAAG,CAAU,0BAA0B,EAAE,IAAI,CAAC;QAC/E,iBAAiB,EAAE,MAAM,CAAC,GAAG,CAAU,mBAAmB,EAAE,IAAI,CAAC;QACjE,MAAM,EAAE,MAAM,CAAC,GAAG,CAAS,QAAQ,EAAE,oBAAoB,CAAC;QAC1D,cAAc,EAAE,MAAM,CAAC,GAAG,CAAU,gBAAgB,EAAE,KAAK,CAAC;QAC5D,WAAW,EAAE,MAAM,CAAC,GAAG,CAAU,aAAa,EAAE,KAAK,CAAC;QACtD,eAAe,EAAE,MAAM,CAAC,GAAG,CAAU,iBAAiB,EAAE,IAAI,CAAC;QAC7D,oBAAoB,EAAE,MAAM,CAAC,GAAG,CAAU,sBAAsB,EAAE,IAAI,CAAC;QACvE,yBAAyB,EAAE,MAAM,CAAC,GAAG,CAAU,2BAA2B,EAAE,KAAK,CAAC;QAClF,2BAA2B,EAAE,MAAM,CAAC,GAAG,CAAS,6BAA6B,EAAE,EAAE,CAAC;QAClF,aAAa,EAAE,MAAM,CAAC,GAAG,CAAW,eAAe,EAAE,CAAC,UAAU,EAAE,OAAO,EAAE,QAAQ,EAAE,SAAS,CAAC,CAAC;QAChG,MAAM,EAAE,MAAM,CAAC,GAAG,CAAW,QAAQ,EAAE,EAAE,CAAC;QAC1C,qBAAqB,EAAE,MAAM,CAAC,GAAG,CAAU,uBAAuB,EAAE,IAAI,CAAC;QACzE,yBAAyB,EAAE,MAAM,CAAC,GAAG,CAAU,2BAA2B,EAAE,IAAI,CAAC;KAClF,CAAC;AACJ,CAAC,CAAC;AAEF,0BAA0B;AAC1B,wBAAgB,GAAG,uBAAuB,CAAC;AAE3C,mBAAmB;AACnB,SAAgB,gBAAgB,CAAC,SAAgC;IAC/D,wBAAgB,GAAG,SAAS,CAAC;AAC/B,CAAC;AAED,+BAA+B;AAC/B,SAAgB,kBAAkB;IAChC,wBAAgB,GAAG,uBAAuB,CAAC;AAC7C,CAAC;AAED,SAAgB,wBAAwB,CACtC,QAAqD,EACrD,QAAc,EACd,WAAiC;IAEjC,OAAO,MAAM,CAAC,SAAS,CAAC,wBAAwB,CAAC,QAAQ,EAAE,QAAQ,EAAE,WAAW,CAAC,CAAC;AACpF,CAAC"},"all":true},"C:\\mouli\\vscodeExtensions\\moulin-dev-console-log\\out\\src\\logGenerator.js":{"path":"C:\\mouli\\vscodeExtensions\\moulin-dev-console-log\\out\\src\\logGenerator.js","statementMap":{"0":{"start":{"line":2,"column":0},"end":{"line":2,"column":62}},"1":{"start":{"line":3,"column":0},"end":{"line":3,"column":48}},"2":{"start":{"line":4,"column":17},"end":{"line":4,"column":36}},"3":{"start":{"line":5,"column":28},"end":{"line":5,"column":71}},"4":{"start":{"line":6,"column":30},"end":{"line":6,"column":75}},"5":{"start":{"line":7,"column":23},"end":{"line":7,"column":61}},"6":{"start":{"line":9,"column":19},"end":{"line":9,"column":51}},"7":{"start":{"line":10,"column":98},"end":{"line":10,"column":104}},"8":{"start":{"line":11,"column":19},"end":{"line":11,"column":100}},"9":{"start":{"line":12,"column":20},"end":{"line":12,"column":22}},"10":{"start":{"line":13,"column":4},"end":{"line":19,"column":5}},"11":{"start":{"line":14,"column":28},"end":{"line":14,"column":92}},"12":{"start":{"line":15,"column":8},"end":{"line":15,"column":81}},"13":{"start":{"line":18,"column":8},"end":{"line":18,"column":75}},"14":{"start":{"line":20,"column":4},"end":{"line":20,"column":124}}},"fnMap":{"0":{"name":"generateConsoleLog","decl":{"start":{"line":8,"column":9},"end":{"line":8,"column":27}},"loc":{"start":{"line":8,"column":58},"end":{"line":21,"column":1}},"line":8}},"branchMap":{"0":{"loc":{"start":{"line":13,"column":4},"end":{"line":19,"column":5}},"type":"if","locations":[{"start":{"line":13,"column":4},"end":{"line":19,"column":5}},{"start":{"line":17,"column":9},"end":{"line":19,"column":5}}],"line":13},"1":{"loc":{"start":{"line":13,"column":8},"end":{"line":13,"column":49}},"type":"binary-expr","locations":[{"start":{"line":13,"column":8},"end":{"line":13,"column":21}},{"start":{"line":13,"column":25},"end":{"line":13,"column":49}}],"line":13}},"s":{"0":0,"1":0,"2":0,"3":0,"4":0,"5":0,"6":0,"7":0,"8":0,"9":0,"10":0,"11":0,"12":0,"13":0,"14":0},"f":{"0":0},"b":{"0":[0,0],"1":[0,0]},"inputSourceMap":{"version":3,"file":"logGenerator.js","sourceRoot":"","sources":["../../src/logGenerator.ts"],"names":[],"mappings":";;AAOA,gDAYC;AAnBD,qCAA4C;AAE5C,wEAAwF;AAExF,4EAA6F;AAC7F,8DAA4D;AAE5D,SAAgB,kBAAkB,CAAC,GAAgB,EAAE,QAAgB,EAAE,aAAwB;IAC7F,MAAM,MAAM,GAAG,IAAA,yBAAgB,GAAE,CAAC;IAClC,MAAM,EAAE,WAAW,EAAE,QAAQ,EAAE,WAAW,EAAE,QAAQ,EAAE,WAAW,EAAE,MAAM,EAAE,cAAc,EAAE,GAAG,MAAM,CAAC;IACrG,MAAM,MAAM,GAAG,WAAW,CAAC,OAAO,CAAC,aAAa,EAAE,QAAQ,CAAC,CAAC,OAAO,CAAC,iBAAiB,EAAE,GAAG,CAAC,IAAI,CAAC,CAAC;IACjG,IAAI,SAAS,GAAW,EAAE,CAAC;IAC3B,IAAI,aAAa,IAAI,aAAa,CAAC,MAAM,GAAG,CAAC,EAAE,CAAC;QAC9C,MAAM,WAAW,GAAG,IAAA,uCAAiB,EAAC,GAAG,EAAE,aAAa,CAAC,CAAC;QAC1D,SAAS,GAAG,IAAA,0CAAoB,EAAC,WAAW,CAAC,CAAC;IAChD,CAAC;SAAM,CAAC;QACN,SAAS,GAAG,IAAA,kCAAc,EAAC,GAAG,EAAE,QAAQ,CAAC,CAAC;IAC5C,CAAC;IACD,OAAO,IAAA,4BAAa,EAAC,WAAW,EAAE,QAAQ,EAAE,MAAM,EAAE,SAAS,EAAE,cAAc,EAAE,MAAM,EAAE,WAAW,CAAC,CAAC;AACtG,CAAC"},"all":true},"C:\\mouli\\vscodeExtensions\\moulin-dev-console-log\\out\\src\\logGenerator\\logFormatter.js":{"path":"C:\\mouli\\vscodeExtensions\\moulin-dev-console-log\\out\\src\\logGenerator\\logFormatter.js","statementMap":{"0":{"start":{"line":2,"column":0},"end":{"line":2,"column":62}},"1":{"start":{"line":3,"column":0},"end":{"line":3,"column":38}},"2":{"start":{"line":5,"column":18},"end":{"line":5,"column":74}},"3":{"start":{"line":6,"column":4},"end":{"line":8,"column":5}},"4":{"start":{"line":7,"column":8},"end":{"line":7,"column":82}},"5":{"start":{"line":9,"column":4},"end":{"line":11,"column":5}},"6":{"start":{"line":10,"column":8},"end":{"line":10,"column":41}},"7":{"start":{"line":12,"column":4},"end":{"line":14,"column":5}},"8":{"start":{"line":13,"column":8},"end":{"line":13,"column":42}},"9":{"start":{"line":15,"column":4},"end":{"line":15,"column":19}}},"fnMap":{"0":{"name":"formatLogLine","decl":{"start":{"line":4,"column":9},"end":{"line":4,"column":22}},"loc":{"start":{"line":4,"column":102},"end":{"line":16,"column":1}},"line":4}},"branchMap":{"0":{"loc":{"start":{"line":6,"column":4},"end":{"line":8,"column":5}},"type":"if","locations":[{"start":{"line":6,"column":4},"end":{"line":8,"column":5}},{"start":{},"end":{}}],"line":6},"1":{"loc":{"start":{"line":9,"column":4},"end":{"line":11,"column":5}},"type":"if","locations":[{"start":{"line":9,"column":4},"end":{"line":11,"column":5}},{"start":{},"end":{}}],"line":9},"2":{"loc":{"start":{"line":12,"column":4},"end":{"line":14,"column":5}},"type":"if","locations":[{"start":{"line":12,"column":4},"end":{"line":14,"column":5}},{"start":{},"end":{}}],"line":12}},"s":{"0":0,"1":0,"2":0,"3":0,"4":0,"5":0,"6":0,"7":0,"8":0,"9":0},"f":{"0":0},"b":{"0":[0,0],"1":[0,0],"2":[0,0]},"inputSourceMap":{"version":3,"file":"logFormatter.js","sourceRoot":"","sources":["../../../src/logGenerator/logFormatter.ts"],"names":[],"mappings":";;AAAA,sCAmBC;AAnBD,SAAgB,aAAa,CAC3B,WAAmB,EACnB,QAAgB,EAChB,MAAc,EACd,SAAiB,EACjB,cAAuB,EACvB,MAAc,EACd,WAAoB;IAEpB,IAAI,OAAO,GAAG,GAAG,WAAW,IAAI,QAAQ,KAAK,MAAM,MAAM,SAAS,IAAI,CAAC;IACvE,IAAI,cAAc,EAAE,CAAC;QACnB,OAAO,GAAG,mDAAmD,OAAO,KAAK,CAAC;IAAA,CAAC;IAC7E,IAAI,MAAM,EAAE,CAAC;QACX,OAAO,GAAG,GAAG,OAAO,IAAI,MAAM,EAAE,CAAC;IACnC,CAAC;IACD,IAAI,WAAW,EAAE,CAAC;QAChB,OAAO,GAAG,cAAc,OAAO,EAAE,CAAC;IACpC,CAAC;IACD,OAAO,OAAO,CAAC;AACjB,CAAC"},"all":true},"C:\\mouli\\vscodeExtensions\\moulin-dev-console-log\\out\\src\\logGenerator\\logObjectBuilders.js":{"path":"C:\\mouli\\vscodeExtensions\\moulin-dev-console-log\\out\\src\\logGenerator\\logObjectBuilders.js","statementMap":{"0":{"start":{"line":2,"column":0},"end":{"line":2,"column":62}},"1":{"start":{"line":3,"column":0},"end":{"line":3,"column":52}},"2":{"start":{"line":4,"column":0},"end":{"line":4,"column":40}},"3":{"start":{"line":5,"column":27},"end":{"line":5,"column":56}},"4":{"start":{"line":7,"column":4},"end":{"line":9,"column":5}},"5":{"start":{"line":8,"column":8},"end":{"line":8,"column":82}},"6":{"start":{"line":10,"column":4},"end":{"line":10,"column":21}},"7":{"start":{"line":13,"column":18},"end":{"line":13,"column":20}},"8":{"start":{"line":14,"column":4},"end":{"line":14,"column":92}},"9":{"start":{"line":15,"column":19},"end":{"line":15,"column":64}},"10":{"start":{"line":16,"column":4},"end":{"line":18,"column":5}},"11":{"start":{"line":17,"column":8},"end":{"line":17,"column":27}},"12":{"start":{"line":19,"column":4},"end":{"line":19,"column":37}}},"fnMap":{"0":{"name":"buildParentLogObject","decl":{"start":{"line":6,"column":9},"end":{"line":6,"column":29}},"loc":{"start":{"line":6,"column":55},"end":{"line":11,"column":1}},"line":6},"1":{"name":"buildLogObject","decl":{"start":{"line":12,"column":9},"end":{"line":12,"column":23}},"loc":{"start":{"line":12,"column":49},"end":{"line":20,"column":1}},"line":12}},"branchMap":{"0":{"loc":{"start":{"line":7,"column":4},"end":{"line":9,"column":5}},"type":"if","locations":[{"start":{"line":7,"column":4},"end":{"line":9,"column":5}},{"start":{},"end":{}}],"line":7},"1":{"loc":{"start":{"line":16,"column":4},"end":{"line":18,"column":5}},"type":"if","locations":[{"start":{"line":16,"column":4},"end":{"line":18,"column":5}},{"start":{},"end":{}}],"line":16}},"s":{"0":0,"1":0,"2":0,"3":0,"4":0,"5":0,"6":0,"7":0,"8":0,"9":0,"10":0,"11":0,"12":0},"f":{"0":0,"1":0},"b":{"0":[0,0],"1":[0,0]},"inputSourceMap":{"version":3,"file":"logObjectBuilders.js","sourceRoot":"","sources":["../../../src/logGenerator/logObjectBuilders.ts"],"names":[],"mappings":";;AAGA,oDAKC;AAED,wCAQC;AAjBD,yDAAkD;AAElD,SAAgB,oBAAoB,CAAC,OAAoB,EAAE,cAAwB;IACjF,IAAI,OAAO,CAAC,aAAa,EAAE,CAAC;QAC1B,OAAO,WAAW,cAAc,CAAC,OAAO,CAAC,aAAa,EAAE,cAAc,CAAC,EAAE,CAAC;IAC5E,CAAC;IACD,OAAO,SAAS,CAAC;AACnB,CAAC;AAED,SAAgB,cAAc,CAAC,OAAoB,EAAE,cAAwB;IAC3E,MAAM,KAAK,GAAa,EAAE,CAAC;IAC3B,IAAA,+BAAY,EAAC,OAAO,CAAC,SAAS,EAAE,cAAc,EAAE,OAAO,EAAE,KAAK,CAAC,CAAC;IAChE,MAAM,MAAM,GAAG,oBAAoB,CAAC,OAAO,EAAE,cAAc,CAAC,CAAC;IAC7D,IAAI,MAAM,EAAE,CAAC;QACX,KAAK,CAAC,IAAI,CAAC,MAAM,CAAC,CAAC;IACrB,CAAC;IACD,OAAO,KAAK,KAAK,CAAC,IAAI,CAAC,IAAI,CAAC,IAAI,CAAC;AACnC,CAAC"},"all":true},"C:\\mouli\\vscodeExtensions\\moulin-dev-console-log\\out\\src\\logGenerator\\selectedM
[...]
pr","locations":[{"start":{"line":63,"column":12},"end":{"line":63,"column":70}},{"start":{"line":64,"column":12},"end":{"line":64,"column":67}},{"start":{"line":65,"column":12},"end":{"line":65,"column":70}}],"line":63},"19":{"loc":{"start":{"line":70,"column":8},"end":{"line":105,"column":9}},"type":"switch","locations":[{"start":{"line":71,"column":12},"end":{"line":74,"column":22}},{"start":{"line":75,"column":12},"end":{"line":78,"column":22}},{"start":{"line":79,"column":12},"end":{"line":82,"column":22}},{"start":{"line":83,"column":12},"end":{"line":104,"column":22}}],"line":70}},"s":{"0":0,"1":0,"2":0,"3":0,"4":0,"5":0,"6":0,"7":0,"8":0,"9":0,"10":0,"11":0,"12":0,"13":0,"14":0,"15":0,"16":0,"17":0,"18":0,"19":0,"20":0,"21":0,"22":0,"23":0,"24":0,"25":0,"26":0,"27":0,"28":0,"29":0,"30":0,"31":0,"32":0,"33":0,"34":0,"35":0,"36":0,"37":0,"38":0,"39":0,"40":0,"41":0,"42":0,"43":0,"44":0,"45":0,"46":0,"47":0,"48":0,"49":0,"50":0,"51":0,"52":0,"53":0,"54":0,"55":0,"56":0,"57":0,"58":0,"59":0,"60":0,"61":0,"62":0,"63":0,"64":0,"65":0,"66":0,"67":0,"68":0,"69":0,"70":0,"71":0,"72":0,"73":0,"74":0,"75":0,"76":0,"77":0},"f":{"0":0,"1":0,"2":0,"3":0,"4":0,"5":0,"6":0,"7":0,"8":0,"9":0,"10":0,"11":0,"12":0,"13":0,"14":0},"b":{"0":[0,0,0],"1":[0,0],"2":[0,0],"3":[0,0],"4":[0,0],"5":[0,0],"6":[0,0],"7":[0,0],"8":[0,0,0],"9":[0,0],"10":[0,0,0],"11":[0,0],"12":[0,0],"13":[0,0],"14":[0,0],"15":[0,0],"16":[0,0],"17":[0,0],"18":[0,0,0],"19":[0,0,0,0]},"inputSourceMap":{"version":3,"file":"templateEditor.js","sourceRoot":"","sources":["../../src/templateEditor.ts"],"names":[],"mappings":";;;;;;;;;;;;;;;;;;;;;;;;;;;;;;;;;;;AAKA,gDA4FC;AAjGD,+CAAiC;AACjC,qCAA4C;AAC5C,iDAAoD;AACpD,qCAAkC;AAElC,SAAgB,kBAAkB,CAAC,OAAgC;IACjE,MAAM,KAAK,GAAG,MAAM,CAAC,MAAM,CAAC,kBAAkB,CAC5C,mBAAmB,EACnB,qBAAqB,EACrB,MAAM,CAAC,UAAU,CAAC,GAAG,EACrB;QACE,aAAa,EAAE,IAAI;QACnB,uBAAuB,EAAE,IAAI;KAC9B,CACF,CAAC;IAEF,KAAK,CAAC,OAAO,CAAC,IAAI,GAAG,iBAAiB,CAAC,KAAK,CAAC,OAAO,EAAE,OAAO,CAAC,YAAY,CAAC,CAAC;IAE5E,MAAM,aAAa,GAAG,GAAG,EAAE;QACzB,MAAM,MAAM,GAAG,IAAA,yBAAgB,GAAE,CAAC;QAClC,MAAM,eAAe,GAAG,MAAM,CAAC,WAAW,CAAC;QAC3C,MAAM,eAAe,GAAG,MAAM,CAAC,QAAQ,CAAC;QACxC,MAAM,kBAAkB,GAAG,MAAM,CAAC,WAAW,CAAC;QAC9C,KAAK,CAAC,OAAO,CAAC,WAAW,CAAC;YACxB,IAAI,EAAE,cAAc;YACpB,QAAQ,EAAE,eAAe;YACzB,QAAQ,EAAE,eAAe;YACzB,WAAW,EAAE,kBAAkB;SAChC,CAAC,CAAC;IACL,CAAC,CAAC;IAEF,iBAAiB;IACjB,aAAa,EAAE,CAAC;IAEhB,mCAAmC;IACnC,MAAM,CAAC,SAAS,CAAC,wBAAwB,CAAC,CAAC,CAAC,EAAE;QAC5C,IAAI,CAAC,CAAC,oBAAoB,CAAC,kCAAkC,CAAC;YAC1D,CAAC,CAAC,oBAAoB,CAAC,+BAA+B,CAAC;YACvD,CAAC,CAAC,oBAAoB,CAAC,kCAAkC,CAAC,EAAE,CAAC;YAC/D,aAAa,EAAE,CAAC;QAClB,CAAC;IACH,CAAC,CAAC,CAAC;IAEH,KAAK,CAAC,OAAO,CAAC,mBAAmB,CAC/B,KAAK,EAAC,OAAO,EAAC,EAAE;QACd,QAAQ,OAAO,CAAC,OAAO,EAAE,CAAC;YACxB,KAAK,gBAAgB;gBACnB,MAAM,MAAM,CAAC,SAAS,CAAC,gBAAgB,CAAC,sBAAsB,CAAC,CAAC,MAAM,CACpE,aAAa,EACb,OAAO,CAAC,QAAQ,EAChB,MAAM,CAAC,mBAAmB,CAAC,MAAM,CAClC,CAAC;gBACF,eAAM,CAAC,IAAI,CAAC,uBAAuB,CAAC,CAAC;gBACrC,MAAM;YACR,KAAK,gBAAgB;gBACnB,MAAM,MAAM,CAAC,SAAS,CAAC,gBAAgB,CAAC,sBAAsB,CAAC,CAAC,MAAM,CACpE,UAAU,EACV,OAAO,CAAC,QAAQ,EAChB,MAAM,CAAC,mBAAmB,CAAC,MAAM,CAClC,CAAC;gBACF,eAAM,CAAC,IAAI,CAAC,oBAAoB,CAAC,CAAC;gBAClC,MAAM;YACR,KAAK,mBAAmB;gBACtB,MAAM,MAAM,CAAC,SAAS,CAAC,gBAAgB,CAAC,sBAAsB,CAAC,CAAC,MAAM,CACpE,aAAa,EACb,OAAO,CAAC,WAAW,EACnB,MAAM,CAAC,mBAAmB,CAAC,MAAM,CAClC,CAAC;gBACF,eAAM,CAAC,IAAI,CAAC,uBAAuB,CAAC,CAAC;gBACrC,MAAM;YACR,KAAK,gBAAgB;gBACnB,MAAM,YAAY,GAAG;oBACnB,IAAI,EAAE,UAAmB;oBACzB,IAAI,EAAE,YAAY;oBAClB,IAAI,EAAE,CAAC,MAAM,EAAE,MAAM,CAAC;oBACtB,SAAS,EAAE;wBACT,KAAK,EAAE,CAAC,OAAO,EAAE,OAAO,CAAC;wBACzB,KAAK,EAAE,CAAC,QAAQ,EAAE,QAAQ,CAAC;wBAC3B,IAAI,EAAE,CAAC,MAAM,EAAE,MAAM,CAAC;wBACtB,OAAO,EAAE,CAAC,MAAM,EAAE,MAAM,CAAC;wBACzB,QAAQ,EAAE,CAAC,UAAU,EAAE,UAAU,CAAC;wBAClC,MAAM,EAAE,CAAC,QAAQ,EAAE,QAAQ,CAAC;wBAC5B,YAAY,EAAE,CAAC,QAAQ,EAAE,QAAQ,CAAC;qBACnC;oBACD,SAAS,EAAE,IAAI,MAAM,CAAC,QAAQ,CAAC,CAAC,EAAE,CAAC,CAAC;iBACrC,CAAC;gBACF,MAAM,UAAU,GAAG,IAAA,iCAAkB,EAAC,YAAY,EAAE,WAAW,CAAC,CAAC;gBACjE,KAAK,CAAC,OAAO,CAAC,WAAW,CAAC;oBACxB,IAAI,EAAE,aAAa;oBACnB,OAAO,EAAE,UAAU;iBACpB,CAAC,CAAC;gBACH,MAAM;QACV,CAAC;IACH,CAAC,EACD,SAAS,EACT,OAAO,CAAC,aAAa,CACtB,CAAC;AACJ,CAAC;AAED,SAAS,iBAAiB,CAAC,OAAuB,EAAE,YAAwB;IAC1E,MAAM,KAAK,GAAG,QAAQ,EAAE,CAAC;IACzB,MAAM,SAAS,GAAG,OAAO,CAAC,YAAY,CAAC,MAAM,CAAC,GAAG,CAAC,QAAQ,CAAC,YAAY,EAAE,OAAO,EAAE,mBAAmB,CAAC,CAAC,CAAC;IACxG,MAAM,QAAQ,GAAG,OAAO,CAAC,YAAY,CAAC,MAAM,CAAC,GAAG,CAAC,QAAQ,CAAC,YAAY,EAAE,OAAO,EAAE,oBAAoB,CAAC,CAAC,CAAC;IAExG,OAAO;;;;;;sBAMa,QAAQ;;;;;;;;;;;;;;;;;;;;;;;;;;;;;;;;;;yBAkCL,KAAK,UAAU,SAAS;;YAErC,CAAC;AACb,CAAC;AAED,SAAS,QAAQ;IACf,IAAI,IAAI,GAAG,EAAE,CAAC;IACd,MAAM,QAAQ,GAAG,gEAAgE,CAAC;IAClF,KAAK,IAAI,CAAC,GAAG,CAAC,EAAE,CAAC,GAAG,EAAE,EAAE,CAAC,EAAE,EAAE,CAAC;QAC5B,IAAI,IAAI,QAAQ,CAAC,MAAM,CAAC,IAAI,CAAC,KAAK,CAAC,IAAI,CAAC,MAAM,EAAE,GAAG,QAAQ,CAAC,MAAM,CAAC,CAAC,CAAC;IACvE,CAAC;IACD,OAAO,IAAI,CAAC;AACd,CAAC"},"all":true},"C:\\mouli\\vscodeExtensions\\moulin-dev-console-log\\out\\src\\utils.js":{"path":"C:\\mouli\\vscodeExtensions\\moulin-dev-console-log\\out\\src\\utils.js","statementMap":{"0":{"start":{"line":2,"column":22},"end":{"line":12,"column":3}},"1":{"start":{"line":3,"column":4},"end":{"line":3,"column":33}},"2":{"start":{"line":3,"column":26},"end":{"line":3,"column":33}},"3":{"start":{"line":4,"column":15},"end":{"line":4,"column":52}},"4":{"start":{"line":5,"column":4},"end":{"line":7,"column":5}},"5":{"start":{"line":6,"column":6},"end":{"line":6,"column":68}},"6":{"start":{"line":6,"column":51},"end":{"line":6,"column":63}},"7":{"start":{"line":8,"column":4},"end":{"line":8,"column":39}},"8":{"start":{"line":10,"column":4},"end":{"line":10,"column":33}},"9":{"start":{"line":10,"column":26},"end":{"line":10,"column":33}},"10":{"start":{"line":11,"column":4},"end":{"line":11,"column":17}},"11":{"start":{"line":13,"column":25},"end":{"line":17,"column":2}},"12":{"start":{"line":14,"column":4},"end":{"line":14,"column":72}},"13":{"start":{"line":16,"column":4},"end":{"line":16,"column":21}},"14":{"start":{"line":18,"column":19},"end":{"line":34,"column":4}},"15":{"start":{"line":19,"column":18},"end":{"line":26,"column":5}},"16":{"start":{"line":20,"column":8},"end":{"line":24,"column":10}},"17":{"start":{"line":21,"column":21},"end":{"line":21,"column":23}},"18":{"start":{"line":22,"column":12},"end":{"line":22,"column":95}},"19":{"start":{"line":22,"column":29},"end":{"line":22,"column":95}},"20":{"start":{"line":22,"column":77},"end":{"line":22,"column":95}},"21":{"start":{"line":23,"column":12},"end":{"line":23,"column":22}},"22":{"start":{"line":25,"column":8},"end":{"line":25,"column":26}},"23":{"start":{"line":27,"column":4},"end":{"line":33,"column":6}},"24":{"start":{"line":28,"column":8},"end":{"line":28,"column":46}},"25":{"start":{"line":28,"column":35},"end":{"line":28,"column":46}},"26":{"start":{"line":29,"column":21},"end":{"line":29,"column":23}},"27":{"start":{"line":30,"column":8},"end":{"line":30,"column":137}},"28":{"start":{"line":30,"column":25},"end":{"line":30,"column":137}},"29":{"start":{"line":30,"column":38},"end":{"line":30,"column":50}},"30":{"start":{"line":30,"column":56},"end":{"line":30,"column":57}},"31":{"start":{"line":30,"column":78},"end":{"line":30,"column":137}},"32":{"start":{"line":30,"column":102},"end":{"line":30,"column":137}},"33":{"start":{"line":31,"column":8},"end":{"line":31,"column":40}},"34":{"start":{"line":32,"column":8},"end":{"line":32,"column":22}},"35":{"start":{"line":35,"column":0},"end":{"line":35,"column":62}},"36":{"start":{"line":36,"column":0},"end":{"line":36,"column":32}},"37":{"start":{"line":37,"column":0},"end":{"line":37,"column":60}},"38":{"start":{"line":38,"column":0},"end":{"line":38,"column":52}},"39":{"start":{"line":39,"column":15},"end":{"line":39,"column":46}},"40":{"start":{"line":41,"column":18},"end":{"line":41,"column":75}},"41":{"start":{"line":42,"column":16},"end":{"line":42,"column":69}},"42":{"start":{"line":43,"column":4},"end":{"line":43,"column":65}},"43":{"start":{"line":46,"column":17},"end":{"line":46,"column":37}},"44":{"start":{"line":47,"column":4},"end":{"line":51,"column":5}},"45":{"start":{"line":48,"column":8},"end":{"line":50,"column":9}},"46":{"start":{"line":49,"column":12},"end":{"line":49,"column":87}},"47":{"start":{"line":52,"column":17},"end":{"line":52,"column":28}},"48":{"start":{"line":53,"column":4},"end":{"line":55,"column":5}},"49":{"start":{"line":54,"column":8},"end":{"line":54,"column":57}},"50":{"start":{"line":56,"column":16},"end":{"line":56,"column":29}},"51":{"start":{"line":57,"column":4},"end":{"line":57,"column":91}},"52":{"start":{"line":60,"column":4},"end":{"line":62,"column":5}},"53":{"start":{"line":61,"column":8},"end":{"line":61,"column":18}},"54":{"start":{"line":63,"column":4},"end":{"line":65,"column":5}},"55":{"start":{"line":64,"column":8},"end":{"line":64,"column":25}},"56":{"start":{"line":66,"column":4},"end":{"line":68,"column":5}},"57":{"start":{"line":67,"column":8},"end":{"line":67,"column":65}},"58":{"start":{"line":67,"column":39},"end":{"line":67,"column":47}},"59":{"start":{"line":69,"column":4},"end":{"line":69,"column":14}}},"fnMap":{"0":{"name":"(anonymous_0)","decl":{"start":{"line":2,"column":74},"end":{"line":2,"column":75}},"loc":{"start":{"line":2,"column":96},"end":{"line":9,"column":1}},"line":2},"1":{"name":"(anonymous_1)","decl":{"start":{"line":6,"column":38},"end":{"line":6,"column":39}},"loc":{"start":{"line":6,"column":49},"end":{"line":6,"column":65}},"line":6},"2":{"name":"(anonymous_2)","decl":{"start":{"line":9,"column":6},"end":{"line":9,"column":7}},"loc":{"start":{"line":9,"column":28},"end":{"line":12,"column":1}},"line":9},"3":{"name":"(anonymous_3)","decl":{"start":{"line":13,"column":80},"end":{"line":13,"column":81}},"loc":{"start":{"line":13,"column":95},"end":{"line":15,"column":1}},"line":13},"4":{"name":"(anonymous_4)","decl":{"start":{"line":15,"column":5},"end":{"line":15,"column":6}},"loc":{"start":{"line":15,"column":20},"end":{"line":17,"column":1}},"line":15},"5":{"name":"(anonymous_5)","decl":{"start":{"line":18,"column":51},"end":{"line":18,"column":52}},"loc":{"start":{"line":18,"column":63},"end":{"line":34,"column":1}},"line":18},"6":{"name":"(anonymous_6)","decl":{"start":{"line":19,"column":18},"end":{"line":19,"column":19}},"loc":{"start":{"line":19,"column":30},"end":{"line":26,"column":5}},"line":19},"7":{"name":"(anonymous_7)","decl":{"start":{"line":20,"column":48},"end":{"line":20,"column":49}},"loc":{"start":{"line":20,"column":61},"end":{"line":24,"column":9}},"line":20},"8":{"name":"(anonymous_8)","decl":{"start":{"line":27,"column":11},"end":{"line":27,"column":12}},"loc":{"start":{"line":27,"column":26},"end":{"line":33,"column":5}},"line":27},"9":{"name":"positionIn","decl":{"start":{"line":40,"column":9},"end":{"line":40,"column":19}},"loc":{"start":{"line":40,"column":35},"end":{"line":44,"column":1}},"line":40},"10":{"name":"findReturnInsertPosition","decl":{"start":{"line":45,"column":9},"end":{"line":45,"column":33}},"loc":{"start":{"line":45,"column":45},"end":{"line":58,"column":1}},"line":45},"11":{"name":"extractVariableNames","decl":{"start":{"line":59,"column":9},"end":{"line":59,"column":29}},"loc":{"start":{"line":59,"column":34},"end":{"line":70,"column":1}},"line":59},"12":{"name":"(anonymous_12)","decl":{"start":{"line":67,"column":31},"end":{"line":67,"column":32}},"loc":{"start":{"line":67,"column":39},"end":{"line":67,"column":47}},"line":67}},"branchMap":{"0":{"loc":{"start":{"line":2,"column":22},"end":{"line":12,"column":3}},"type":"binary-expr","locations":[{"start":{"line":2,"column":23},"end":{"line":2,"column":27}},{"start":{"line":2,"column":31},"end":{"line":2,"column":51}},{"start":{"line":2,"column":57},"end":{"line":12,"column":2}}],"line":2},"1":{"loc":{"start":{"line":2,"column":57},"end":{"line":12,"column":2}},"type":"cond-expr","locations":[{"start":{"line":2,"column":74},"end":{"line":9,"column":1}},{"start":{"line":9,"column":6},"end":{"line":12,"column":1}}],"line":2},"2":{"loc":{"start":{"line":3,"column":4},"end":{"line":3,"column":33}},"type":"if","locations":[{"start":{"line":3,"column":4},"end":{"line":3,"column":33}},{"start":{},"end":{}}],"line":3},"3":{"loc":{"start":{"line":5,"column":4},"end":{"line":7,"column":5}},"type":"if","locations":[{"start":{"line":5,"column":4},"end":{"line":7,"column":5}},{"start":{},"end":{}}],"line":5},"4":{"loc":{"start":{"line":5,"column":8},"end":{"line":5,"column":85}},"type":"binary-expr","locations":[{"start":{"line":5,"column":8},"end":{"line":5,"column":13}},{"start":{"line":5,"column":18},"end":{"line":5,"column":84}}],"line":5},"5":{"loc":{"start":{"line":5,"column":18},"end":{"line":5,"column":84}},"type":"cond-expr","locations":[{"start":{"line":5,"column":34},"end":{"line":5,"column":47}},{"start":{"line":5,"column":50},"end":{"line":5,"column":84}}],"line":5},"6":{"loc":{"start":{"line":5,"column":50},"end":{"line":5,"column":84}},"type":"binary-expr","locations":[{"start":{"line":5,"column":50},"end":{"line":5,"column":63}},{"start":{"line":5,"column":67},"end":{"line":5,"column":84}}],"line":5},"7":{"loc":{"start":{"line":10,"column":4},"end":{"line":10,"column":33}},"type":"if","locations":[{"start":{"line":10,"column":4},"end":{"line":10,"column":33}},{"start":{},"end":{}}],"line":10},"8":{"loc":{"start":{"line":13,"column":25},"end":{"line":17,"column":2}},"type":"binary-expr","locations":[{"start":{"line":13,"column":26},"end":{"line":13,"column":30}},{"start":{"line":13,"column":34},"end":{"line":13,"column":57}},{"start":{"line":13,"column":63},"end":{"line":17,"column":1}}],"line":13},"9":{"loc":{"start":{"line":13,"column":63},"end":{"line":17,"column":1}},"type":"cond-expr","locations":[{"start":{"line":13,"column":80},"end":{"line":15,"column":1}},{"start":{"line":15,"column":5},"end":{"line":17,"column":1}}],"line":13},"10":{"loc":{"start":{"line":18,"column":19},"end":{"line":34,"column":4}},"type":"binary-expr","locations":[{"start":{"line":18,"column":20},"end":{"line":18,"column":24}},{"start":{"line":18,"column":28},"end":{"line":18,"column":45}},{"start":{"line":18,"column":50},"end":{"line":34,"column":4}}],"line":18},"11":{"loc":{"start":{"line":20,"column":18},"end":{"line":24,"column":9}},"type":"binary-expr","locations":[{"start":{"line":20,"column":18},"end":{"line":20,"column":44}},{"start":{"line":20,"column":48},"end":{"line":24,"column":9}}],"line":20},"12":{"loc":{"start":{"line":22,"column":29},"end":{"line":22,"column":95}},"type":"if","locations":[{"start":{"line":22,"column":29},"end":{"line":22,"column":95}},{"start":{},"end":{}}],"line":22},"13":{"loc":{"start":{"line":28,"column":8},"end":{"line":28,"column":46}},"type":"if","locations":[{"start":{"line":28,"column":8},"end":{"line":28,"column":46}},{"start":{},"end":{}}],"line":28},"14":{"loc":{"start":{"line":28,"column":12},"end":{"line":28,"column":33}},"type":"binary-expr","locations":[{"start":{"line":28,"column":12},"end":{"line":28,"column":15}},{"start":{"line":28,"column":19},"end":{"line":28,"column":33}}],"line":28},"15":{"loc":{"start":{"line":30,"column":8},"end":{"line":30,"column":137}},"type":"if","locations":[{"start":{"line":30,"column":8},"end":{"line":30,"column":137}},{"start":{},"end":{}}],"line":30},"16":{"loc":{"start":{"line":30,"column":78},"end":{"line":30,"column":137}},"type":"if","locations":[{"start":{"line":30,"column":78},"end":{"line":30,"column":137}},{"start":{},"end":{}}],"line":30},"17":{"loc":{"start":{"line":43,"column":11},"end":{"line":43,"column":64}},"type":"binary-expr","locations":[{"start":{"line":43,"column":11},"end":{"line":43,"column":36}},{"start":{"line":43,"column":40},"end":{"line":43,"column":64}}],"line":43},"18":{"loc":{"start":{"line":46,"column":17},"end":{"line":46,"column":37}},"type":"binary-expr","locations":[{"start":{"line":46,"column":17},"end":{"line":46,"column":31}},{"start":{"line":46,"column":35},"end":{"line":46,"column":37}}],"line":46},"19":{"loc":{"start":{"line":48,"column":8},"end":{"line":50,"column":9}},"type":"if","locations":[{"start":{"line":48,"column":8},"end":{"line":50,"column":9}},{"start":{},"end":{}}],"line":48},"20":{"loc":{"start":{"line":48,"column":12},"end":{"line":48,"column":55}},"type":"binary-expr","locations":[{"start":{"line":48,"column":12},"end":{"line":48,"column":43}},{"start":{"line":48,"column":47},"end":{"line":48,"column":55}}],"line":48},"21":{"loc":{"start":{"line":53,"column":4},"end":{"line":55,"column":5}},"type":"if","locations":[{"start":{"line":53,"column":4},"end":{"line":55,"column":5}},{"start":{},"end":{}}],"line":53},"22":{"loc":{"start":{"line":57,"column":11},"end":{"line":57,"column":90}},"type":"cond-expr","locations":[{"start":{"line":57,"column":17},"end":{"line":57,"column":62}},{"start":{"line":57,"column":65},"end":{"line":57,"column":90}}],"line":57},"23":{"loc":{"start":{"line":60,"column":4},"end":{"line":62,"column":5}},"type":"if","locations":[{"start":{"line":60,"column":4},"end":{"line":62,"column":5}},{"start":{},"end":{}}],"line":60},"24":{"loc":{"start":{"line":63,"column":4},"end":{"line":65,"column":5}},"type":"if","locations":[{"start":{"line":63,"column":4},"end":{"line":65,"column":5}},{"start":{},"end":{}}],"line":63},"25":{"loc":{"start":{"line":66,"column":4},"end":{"line":68,"column":5}},"type":"if","locations":[{"start":{"line":66,"column":4},"end":{"line":68,"column":5}},{"start":{},"end":{}}],"line":66}},"s":{"0":0,"1":0,"2":0,"3":0,"4":0,"5":0,"6":0,"7":0,"8":0,"9":0,"10":0,"11":0,"12":0,"13":0,"14":0,"15":0,"16":0,"17":0,"18":0,"19":0,"20":0,"21":0,"22":0,"23":0,"24":0,"25":0,"26":0,"27":0,"28":0,"29":0,"30":0,"31":0,"32":0,"33":0,"34":0,"35":0,"36":0,"37":0,"38":0,"39":0,"40":0,"41":0,"42":0,"43":0,"44":0,"45":0,"46":0,"47":0,"48":0,"49":0,"50":0,"51":0,"52":0,"53":0,"54":0,"55":0,"56":0,"57":0,"58":0,"59":0},"f":{"0":0,"1":0,"2":0,"3":0,"4":0,"5":0,"6":0,"7":0,"8":0,"9":0,"10":0,"11":0,"12":0},"b":{"0":[0,0,0],"1":[0,0],"2":[0,0],"3":[0,0],"4":[0,0],"5":[0,0],"6":[0,0],"7":[0,0],"8":[0,0,0],"9":[0,0],"10":[0,0,0],"11":[0,0],"12":[0,0],"13":[0,0],"14":[0,0],"15":[0,0],"16":[0,0],"17":[0,0],"18":[0,0],"19":[0,0],"20":[0,0],"21":[0,0],"22":[0,0],"23":[0,0],"24":[0,0],"25":[0,0]},"inputSourceMap":{"version":3,"file":"utils.js","sourceRoot":"","sources":["../../src/utils.ts"],"names":[],"mappings":";;;;;;;;;;;;;;;;;;;;;;;;;;;;;;;;;;;AAGA,gCAIC;AAED,4DAeC;AAED,oDAWC;AApCD,+CAAiC;AAEjC,SAAgB,UAAU,CAAC,GAAqB,EAAE,GAAoB,EAAE,GAAwB;IAC9F,MAAM,KAAK,GAAG,IAAI,MAAM,CAAC,QAAQ,CAAC,GAAG,CAAC,KAAK,CAAC,IAAI,GAAG,CAAC,EAAE,GAAG,CAAC,KAAK,CAAC,MAAM,CAAC,CAAC;IACxE,MAAM,GAAG,GAAG,IAAI,MAAM,CAAC,QAAQ,CAAC,GAAG,CAAC,GAAG,CAAC,IAAI,GAAG,CAAC,EAAE,GAAG,CAAC,GAAG,CAAC,MAAM,CAAC,CAAC;IAClE,OAAO,GAAG,CAAC,cAAc,CAAC,KAAK,CAAC,IAAI,GAAG,CAAC,eAAe,CAAC,GAAG,CAAC,CAAC;AAC/D,CAAC;AAED,SAAgB,wBAAwB,CAAC,IAAgB,EAAE,GAAwB;IACjF,MAAM,IAAI,GAAI,IAAI,CAAC,IAAY,CAAC,IAAI,IAAI,EAAE,CAAC;IAC3C,KAAK,IAAI,IAAI,IAAI,IAAI,EAAE,CAAC;QACtB,IAAI,IAAI,CAAC,IAAI,KAAK,iBAAiB,IAAI,IAAI,CAAC,GAAG,EAAE,CAAC;YAChD,OAAO,IAAI,MAAM,CAAC,QAAQ,CAAC,IAAI,CAAC,GAAG,CAAC,KAAK,CAAC,IAAI,GAAG,CAAC,EAAE,IAAI,CAAC,GAAG,CAAC,KAAK,CAAC,MAAM,CAAC,CAAC;QAC7E,CAAC;IACH,CAAC;IAED,MAAM,IAAI,GAAG,IAAI,CAAC,EAAE,CAAC,CAAC,CAAC,CAAC,CAAC;IACzB,IAAI,IAAI,EAAE,GAAG,EAAE,CAAC;QACd,OAAO,IAAI,MAAM,CAAC,QAAQ,CAAC,IAAI,CAAC,GAAG,CAAC,GAAG,CAAC,IAAI,EAAE,CAAC,CAAC,CAAC;IACnD,CAAC;IAED,MAAM,GAAG,GAAG,IAAI,CAAC,GAAG,EAAE,GAAG,CAAC;IAC1B,OAAO,GAAG,CAAC,CAAC,CAAC,IAAI,MAAM,CAAC,QAAQ,CAAC,GAAG,CAAC,IAAI,GAAG,CAAC,EAAE,GAAG,CAAC,MAAM,CAAC,CAAC,CAAC,CAAC,IAAI,MAAM,CAAC,QAAQ,CAAC,CAAC,EAAE,CAAC,CAAC,CAAC;AACzF,CAAC;AAED,SAAgB,oBAAoB,CAAC,EAAO;IAC1C,IAAI,CAAC,EAAE,EAAE,CAAC;QACR,OAAO,EAAE,CAAC;IACZ,CAAC;IACD,IAAI,EAAE,CAAC,IAAI,EAAE,CAAC;QACZ,OAAO,CAAC,EAAE,CAAC,IAAI,CAAC,CAAC;IACnB,CAAC;IACD,IAAI,KAAK,CAAC,OAAO,CAAC,EAAE,CAAC,QAAQ,CAAC,EAAE,CAAC;QAC/B,OAAO,EAAE,CAAC,QAAQ,CAAC,GAAG,CAAC,CAAC,EAAO,EAAE,EAAE,CAAC,EAAE,EAAE,IAAI,CAAC,CAAC,MAAM,CAAC,OAAO,CAAC,CAAC;IAChE,CAAC;IACD,OAAO,EAAE,CAAC;AACZ,CAAC"},"all":true}}